2021-01-26 at 14:09:19 | INFO | Data Base is ready to use
2021-01-26 at 14:09:19 | INFO | exit from DB
2021-01-26 at 14:09:19 | INFO | Polling ON
2021-01-26 at 14:09:19 | DEBUG | Unknown protocol...
2021-01-26 at 14:09:49 | INFO | Polling ON
2021-01-26 at 14:09:49 | DEBUG | Unknown protocol...
2021-01-26 at 14:10:19 | INFO | Polling ON
2021-01-26 at 14:10:19 | DEBUG | Unknown protocol...
2021-01-26 at 14:10:49 | INFO | Polling ON
2021-01-26 at 14:10:50 | DEBUG | Unknown protocol...
2021-01-27 at 08:49:04 | INFO | Data Base is ready to use
2021-01-27 at 08:51:18 | INFO | Data Base is ready to use
2021-01-27 at 08:51:19 | INFO | exit from DB
2021-01-27 at 08:51:19 | INFO | Polling ON
2021-01-27 at 08:52:30 | INFO | Data Base is ready to use
2021-01-27 at 08:52:30 | INFO | exit from DB
2021-01-27 at 08:52:30 | INFO | Polling ON
2021-01-27 at 08:53:10 | INFO | Data Base is ready to use
2021-01-27 at 08:53:10 | INFO | exit from DB
2021-01-27 at 08:53:10 | INFO | Polling ON
2021-01-27 at 08:54:43 | INFO | Data Base is ready to use
2021-01-27 at 08:54:44 | INFO | exit from DB
2021-01-27 at 08:54:44 | INFO | Polling ON
2021-01-27 at 08:55:03 | INFO | Data Base is ready to use
2021-01-27 at 08:55:03 | INFO | exit from DB
2021-01-27 at 08:55:03 | INFO | Polling ON
2021-01-27 at 08:55:03 | INFO | Data Base is ready to use
2021-01-27 at 08:56:18 | INFO | Data Base is ready to use
2021-01-27 at 08:56:19 | INFO | exit from DB
2021-01-27 at 08:56:19 | INFO | Polling ON
2021-01-27 at 08:56:19 | INFO | Data Base is ready to use
2021-01-27 at 08:56:20 | INFO | Done
2021-01-27 at 08:56:20 | INFO | exit from DB
2021-01-27 at 08:56:20 | DEBUG | Fault reading
2021-01-27 at 08:56:20 | INFO | Data Base is ready to use
2021-01-27 at 08:56:21 | INFO | Done
2021-01-27 at 08:56:21 | INFO | exit from DB
2021-01-27 at 08:56:21 | DEBUG | Fault reading
2021-01-27 at 08:56:21 | INFO | Data Base is ready to use
2021-01-27 at 08:56:22 | INFO | Done
2021-01-27 at 08:56:22 | INFO | exit from DB
2021-01-27 at 08:56:22 | DEBUG | Fault reading
2021-01-27 at 08:56:23 | INFO | Data Base is ready to use
2021-01-27 at 08:56:23 | INFO | Done
2021-01-27 at 08:56:24 | INFO | exit from DB
2021-01-27 at 08:56:24 | DEBUG | Fault reading
2021-01-27 at 08:56:24 | INFO | Data Base is ready to use
2021-01-27 at 08:56:25 | INFO | Done
2021-01-27 at 08:56:25 | INFO | exit from DB
2021-01-27 at 08:56:25 | DEBUG | Fault reading
2021-01-27 at 08:56:26 | INFO | Data Base is ready to use
2021-01-27 at 08:56:26 | INFO | Done
2021-01-27 at 08:56:27 | INFO | exit from DB
2021-01-27 at 08:56:27 | DEBUG | Fault reading
2021-01-27 at 08:56:27 | INFO | Disconnected for end of polling this device
2021-01-27 at 08:56:27 | INFO | Polling ON
2021-01-27 at 08:58:55 | INFO | Data Base is ready to use
2021-01-27 at 08:58:56 | INFO | exit from DB
2021-01-27 at 08:58:56 | INFO | Polling ON
2021-01-27 at 08:58:56 | INFO | Data Base is ready to use
2021-01-27 at 08:58:57 | INFO | Done
2021-01-27 at 08:58:57 | INFO | exit from DB
2021-01-27 at 08:58:57 | DEBUG | Fault reading
2021-01-27 at 08:58:57 | INFO | Data Base is ready to use
2021-01-27 at 08:58:58 | INFO | Done
2021-01-27 at 08:58:58 | INFO | exit from DB
2021-01-27 at 08:58:58 | DEBUG | Fault reading
2021-01-27 at 08:58:59 | INFO | Data Base is ready to use
2021-01-27 at 08:59:00 | INFO | Done
2021-01-27 at 08:59:00 | INFO | exit from DB
2021-01-27 at 08:59:00 | DEBUG | Fault reading
2021-01-27 at 08:59:00 | INFO | Data Base is ready to use
2021-01-27 at 08:59:01 | INFO | Done
2021-01-27 at 08:59:01 | INFO | exit from DB
2021-01-27 at 08:59:01 | DEBUG | Fault reading
2021-01-27 at 08:59:01 | INFO | Data Base is ready to use
2021-01-27 at 08:59:02 | INFO | Done
2021-01-27 at 08:59:02 | INFO | exit from DB
2021-01-27 at 08:59:03 | DEBUG | Fault reading
2021-01-27 at 08:59:03 | INFO | Data Base is ready to use
2021-01-27 at 08:59:03 | INFO | Done
2021-01-27 at 08:59:04 | INFO | exit from DB
2021-01-27 at 08:59:04 | DEBUG | Fault reading
2021-01-27 at 08:59:04 | INFO | Disconnected for end of polling this device
2021-01-27 at 08:59:04 | INFO | Polling ON
2021-01-27 at 09:00:32 | INFO | Data Base is ready to use
2021-01-27 at 09:00:33 | INFO | exit from DB
2021-01-27 at 09:00:33 | INFO | Polling ON
2021-01-27 at 09:00:33 | INFO | Data Base is ready to use
2021-01-27 at 09:00:34 | INFO | Done
2021-01-27 at 09:00:34 | INFO | exit from DB
2021-01-27 at 09:00:34 | DEBUG | Fault reading
2021-01-27 at 09:00:34 | INFO | Data Base is ready to use
2021-01-27 at 09:00:35 | INFO | Done
2021-01-27 at 09:00:35 | INFO | exit from DB
2021-01-27 at 09:00:35 | DEBUG | Fault reading
2021-01-27 at 09:00:35 | INFO | Data Base is ready to use
2021-01-27 at 09:00:36 | INFO | Done
2021-01-27 at 09:00:36 | INFO | exit from DB
2021-01-27 at 09:00:36 | DEBUG | Fault reading
2021-01-27 at 09:00:36 | INFO | Data Base is ready to use
2021-01-27 at 09:00:37 | INFO | Done
2021-01-27 at 09:00:37 | INFO | exit from DB
2021-01-27 at 09:00:37 | DEBUG | Fault reading
2021-01-27 at 09:00:37 | INFO | Data Base is ready to use
2021-01-27 at 09:00:38 | INFO | Done
2021-01-27 at 09:00:38 | INFO | exit from DB
2021-01-27 at 09:00:38 | DEBUG | Fault reading
2021-01-27 at 09:00:39 | INFO | Data Base is ready to use
2021-01-27 at 09:00:40 | INFO | Done
2021-01-27 at 09:00:40 | INFO | exit from DB
2021-01-27 at 09:00:40 | DEBUG | Fault reading
2021-01-27 at 09:00:40 | INFO | Disconnected for end of polling this device
2021-01-27 at 09:00:40 | INFO | Polling ON
2021-01-27 at 09:00:41 | INFO | Data Base is ready to use
2021-01-27 at 09:00:41 | INFO | Done
2021-01-27 at 09:00:41 | INFO | exit from DB
2021-01-27 at 09:00:42 | DEBUG | Fault reading
2021-01-27 at 09:00:42 | INFO | Data Base is ready to use
2021-01-27 at 09:00:43 | INFO | Done
2021-01-27 at 09:00:43 | INFO | exit from DB
2021-01-27 at 09:00:43 | DEBUG | Fault reading
2021-01-27 at 09:00:44 | INFO | Data Base is ready to use
2021-01-27 at 09:00:45 | INFO | Done
2021-01-27 at 09:00:45 | INFO | exit from DB
2021-01-27 at 09:00:45 | DEBUG | Fault reading
2021-01-27 at 09:00:46 | INFO | Data Base is ready to use
2021-01-27 at 09:00:47 | INFO | Done
2021-01-27 at 09:00:47 | INFO | exit from DB
2021-01-27 at 09:00:48 | DEBUG | Fault reading
2021-01-27 at 09:00:48 | INFO | Data Base is ready to use
2021-01-27 at 09:00:49 | INFO | Done
2021-01-27 at 09:00:50 | INFO | exit from DB
2021-01-27 at 09:00:50 | DEBUG | Fault reading
2021-01-27 at 09:00:50 | INFO | Data Base is ready to use
2021-01-27 at 09:00:51 | INFO | Done
2021-01-27 at 09:00:52 | INFO | exit from DB
2021-01-27 at 09:00:52 | DEBUG | Fault reading
2021-01-27 at 09:00:52 | INFO | Disconnected for end of polling this device
2021-01-27 at 09:00:52 | INFO | Polling ON
2021-01-27 at 09:00:52 | INFO | Data Base is ready to use
2021-01-27 at 09:00:53 | INFO | Done
2021-01-27 at 09:00:53 | INFO | exit from DB
2021-01-27 at 09:00:54 | DEBUG | Fault reading
2021-01-27 at 09:00:55 | INFO | Data Base is ready to use
2021-01-27 at 09:00:56 | INFO | Done
2021-01-27 at 09:00:56 | INFO | exit from DB
2021-01-27 at 09:00:56 | DEBUG | Fault reading
2021-01-27 at 09:00:56 | INFO | Data Base is ready to use
2021-01-27 at 09:00:57 | INFO | Done
2021-01-27 at 09:00:57 | INFO | exit from DB
2021-01-27 at 09:00:58 | DEBUG | Fault reading
2021-01-27 at 09:00:58 | INFO | Data Base is ready to use
2021-01-27 at 09:00:59 | INFO | Done
2021-01-27 at 09:00:59 | INFO | exit from DB
2021-01-27 at 09:00:59 | DEBUG | Fault reading
2021-01-27 at 09:00:59 | INFO | Data Base is ready to use
2021-01-27 at 09:01:00 | INFO | Done
2021-01-27 at 09:01:00 | INFO | exit from DB
2021-01-27 at 09:01:00 | DEBUG | Fault reading
2021-01-27 at 09:01:00 | INFO | Data Base is ready to use
2021-01-27 at 09:01:01 | INFO | Done
2021-01-27 at 09:01:02 | INFO | exit from DB
2021-01-27 at 09:01:02 | DEBUG | Fault reading
2021-01-27 at 09:01:03 | INFO | Disconnected for end of polling this device
2021-01-27 at 09:01:03 | INFO | Polling ON
2021-01-27 at 09:01:03 | INFO | Data Base is ready to use
2021-01-27 at 09:01:04 | INFO | Done
2021-01-27 at 09:01:05 | INFO | exit from DB
2021-01-27 at 09:01:05 | DEBUG | Fault reading
2021-01-27 at 09:01:06 | INFO | Data Base is ready to use
2021-01-27 at 09:01:07 | INFO | Done
2021-01-27 at 09:01:07 | INFO | exit from DB
2021-01-27 at 09:01:08 | DEBUG | Fault reading
2021-01-27 at 09:01:09 | INFO | Data Base is ready to use
2021-01-27 at 09:01:10 | INFO | Done
2021-01-27 at 09:01:10 | INFO | exit from DB
2021-01-27 at 09:01:11 | DEBUG | Fault reading
2021-01-27 at 09:01:12 | INFO | Data Base is ready to use
2021-01-27 at 09:01:14 | INFO | Done
2021-01-27 at 09:01:15 | INFO | exit from DB
2021-01-27 at 09:01:15 | DEBUG | Fault reading
2021-01-27 at 09:01:16 | INFO | Data Base is ready to use
2021-01-27 at 09:01:17 | INFO | Done
2021-01-27 at 09:01:18 | INFO | exit from DB
2021-01-27 at 09:01:18 | DEBUG | Fault reading
2021-01-27 at 09:01:18 | INFO | Data Base is ready to use
2021-01-27 at 09:01:19 | INFO | Done
2021-01-27 at 09:01:19 | INFO | exit from DB
2021-01-27 at 09:01:19 | DEBUG | Fault reading
2021-01-27 at 09:01:19 | INFO | Disconnected for end of polling this device
2021-01-27 at 09:01:19 | INFO | Polling ON
2021-01-27 at 09:01:19 | INFO | Data Base is ready to use
2021-01-27 at 09:01:20 | INFO | Done
2021-01-27 at 09:01:20 | INFO | exit from DB
2021-01-27 at 09:01:20 | DEBUG | Fault reading
2021-01-27 at 09:01:20 | INFO | Data Base is ready to use
2021-01-27 at 09:01:21 | INFO | Done
2021-01-27 at 09:01:21 | INFO | exit from DB
2021-01-27 at 09:01:21 | DEBUG | Fault reading
2021-01-27 at 09:01:22 | INFO | Data Base is ready to use
2021-01-27 at 09:01:22 | INFO | Done
2021-01-27 at 09:01:23 | INFO | exit from DB
2021-01-27 at 09:01:23 | DEBUG | Fault reading
2021-01-27 at 09:01:23 | INFO | Data Base is ready to use
2021-01-27 at 09:01:25 | INFO | Done
2021-01-27 at 09:01:25 | INFO | exit from DB
2021-01-27 at 09:01:25 | DEBUG | Fault reading
2021-01-27 at 09:01:25 | INFO | Data Base is ready to use
2021-01-27 at 09:01:26 | INFO | Done
2021-01-27 at 09:01:27 | INFO | exit from DB
2021-01-27 at 09:01:27 | DEBUG | Fault reading
2021-01-27 at 09:01:28 | INFO | Data Base is ready to use
2021-01-27 at 09:01:29 | INFO | Done
2021-01-27 at 09:01:29 | INFO | exit from DB
2021-01-27 at 09:01:29 | DEBUG | Fault reading
2021-01-27 at 09:01:29 | INFO | Disconnected for end of polling this device
2021-01-27 at 09:01:29 | INFO | Polling ON
2021-01-27 at 09:01:29 | INFO | Data Base is ready to use
2021-01-27 at 09:01:30 | INFO | Done
2021-01-27 at 09:01:31 | INFO | exit from DB
2021-01-27 at 09:01:32 | DEBUG | Fault reading
2021-01-27 at 09:01:32 | INFO | Data Base is ready to use
2021-01-27 at 09:01:33 | INFO | Done
2021-01-27 at 09:01:33 | INFO | exit from DB
2021-01-27 at 09:01:33 | DEBUG | Fault reading
2021-01-27 at 09:01:33 | INFO | Data Base is ready to use
2021-01-27 at 09:01:34 | INFO | Done
2021-01-27 at 09:01:35 | INFO | exit from DB
2021-01-27 at 09:01:35 | DEBUG | Fault reading
2021-01-27 at 09:01:37 | INFO | Data Base is ready to use
2021-01-27 at 09:01:38 | INFO | Done
2021-01-27 at 09:01:38 | INFO | exit from DB
2021-01-27 at 09:01:38 | DEBUG | Fault reading
2021-01-27 at 09:01:38 | INFO | Data Base is ready to use
2021-01-27 at 09:01:39 | INFO | Done
2021-01-27 at 09:01:40 | INFO | exit from DB
2021-01-27 at 09:01:40 | DEBUG | Fault reading
2021-01-27 at 09:01:40 | INFO | Data Base is ready to use
2021-01-27 at 09:01:40 | INFO | Done
2021-01-27 at 09:01:41 | INFO | exit from DB
2021-01-27 at 09:01:41 | DEBUG | Fault reading
2021-01-27 at 09:01:41 | INFO | Disconnected for end of polling this device
2021-01-27 at 09:01:41 | INFO | Polling ON
2021-01-27 at 09:01:41 | INFO | Data Base is ready to use
2021-01-27 at 09:01:41 | INFO | Done
2021-01-27 at 09:01:42 | INFO | exit from DB
2021-01-27 at 09:01:42 | DEBUG | Fault reading
2021-01-27 at 09:01:42 | INFO | Data Base is ready to use
2021-01-27 at 09:01:43 | INFO | Done
2021-01-27 at 09:01:43 | INFO | exit from DB
2021-01-27 at 09:01:43 | DEBUG | Fault reading
2021-01-27 at 09:01:43 | INFO | Data Base is ready to use
2021-01-27 at 09:01:44 | INFO | Done
2021-01-27 at 09:01:45 | INFO | exit from DB
2021-01-27 at 09:01:45 | DEBUG | Fault reading
2021-01-27 at 09:01:46 | INFO | Data Base is ready to use
2021-01-27 at 09:01:46 | INFO | Done
2021-01-27 at 09:01:47 | INFO | exit from DB
2021-01-27 at 09:01:47 | DEBUG | Fault reading
2021-01-27 at 09:01:47 | INFO | Data Base is ready to use
2021-01-27 at 09:01:48 | INFO | Done
2021-01-27 at 09:01:49 | INFO | exit from DB
2021-01-27 at 09:01:49 | DEBUG | Fault reading
2021-01-27 at 09:01:49 | INFO | Data Base is ready to use
2021-01-27 at 09:01:50 | INFO | Done
2021-01-27 at 09:01:50 | INFO | exit from DB
2021-01-27 at 09:01:51 | DEBUG | Fault reading
2021-01-27 at 09:01:51 | INFO | Disconnected for end of polling this device
2021-01-27 at 09:01:51 | INFO | Polling ON
2021-01-27 at 09:01:51 | INFO | Data Base is ready to use
2021-01-27 at 09:01:52 | INFO | Done
2021-01-27 at 09:01:52 | INFO | exit from DB
2021-01-27 at 09:01:53 | DEBUG | Fault reading
2021-01-27 at 09:01:54 | INFO | Data Base is ready to use
2021-01-27 at 09:01:58 | INFO | Data Base is ready to use
2021-01-27 at 09:01:58 | INFO | exit from DB
2021-01-27 at 09:01:58 | INFO | Polling ON
2021-01-27 at 09:01:58 | INFO | Data Base is ready to use
2021-01-27 at 09:01:59 | INFO | Done
2021-01-27 at 09:01:59 | INFO | exit from DB
2021-01-27 at 09:01:59 | DEBUG | Fault reading
2021-01-27 at 09:02:00 | INFO | Data Base is ready to use
2021-01-27 at 09:02:00 | INFO | Done
2021-01-27 at 09:02:01 | INFO | exit from DB
2021-01-27 at 09:02:01 | DEBUG | Fault reading
2021-01-27 at 09:02:01 | INFO | Data Base is ready to use
2021-01-27 at 09:02:02 | INFO | Done
2021-01-27 at 09:02:02 | INFO | exit from DB
2021-01-27 at 09:02:02 | DEBUG | Fault reading
2021-01-27 at 09:02:03 | INFO | Data Base is ready to use
2021-01-27 at 09:02:03 | INFO | Done
2021-01-27 at 09:02:04 | INFO | exit from DB
2021-01-27 at 09:02:04 | DEBUG | Fault reading
2021-01-27 at 09:02:04 | INFO | Data Base is ready to use
2021-01-27 at 09:02:05 | INFO | Done
2021-01-27 at 09:02:05 | INFO | exit from DB
2021-01-27 at 09:02:05 | DEBUG | Fault reading
2021-01-27 at 09:02:05 | INFO | Data Base is ready to use
2021-01-27 at 09:02:06 | INFO | Done
2021-01-27 at 09:02:06 | INFO | exit from DB
2021-01-27 at 09:02:07 | DEBUG | Fault reading
2021-01-27 at 09:02:07 | INFO | Disconnected for end of polling this device
2021-01-27 at 09:02:07 | INFO | Polling ON
2021-01-27 at 09:02:07 | INFO | Data Base is ready to use
2021-01-27 at 09:02:08 | INFO | Done
2021-01-27 at 09:02:08 | INFO | exit from DB
2021-01-27 at 09:02:08 | DEBUG | Fault reading
2021-01-27 at 09:02:09 | INFO | Data Base is ready to use
2021-01-27 at 09:02:09 | INFO | Done
2021-01-27 at 09:02:10 | INFO | exit from DB
2021-01-27 at 09:02:10 | DEBUG | Fault reading
2021-01-27 at 09:02:11 | INFO | Data Base is ready to use
2021-01-27 at 09:02:11 | INFO | Done
2021-01-27 at 09:02:11 | INFO | exit from DB
2021-01-27 at 09:02:11 | DEBUG | Fault reading
2021-01-27 at 09:02:12 | INFO | Data Base is ready to use
2021-01-27 at 09:02:12 | INFO | Done
2021-01-27 at 09:02:12 | INFO | exit from DB
2021-01-27 at 09:02:13 | DEBUG | Fault reading
2021-01-27 at 09:02:13 | INFO | Data Base is ready to use
2021-01-27 at 09:02:14 | INFO | Done
2021-01-27 at 09:02:15 | INFO | exit from DB
2021-01-27 at 09:02:15 | DEBUG | Fault reading
2021-01-27 at 09:02:16 | INFO | Data Base is ready to use
2021-01-27 at 09:02:17 | INFO | Done
2021-01-27 at 09:02:18 | INFO | exit from DB
2021-01-27 at 09:02:18 | DEBUG | Fault reading
2021-01-27 at 09:02:19 | INFO | Disconnected for end of polling this device
2021-01-27 at 09:02:19 | INFO | Polling ON
2021-01-27 at 09:02:19 | INFO | Data Base is ready to use
2021-01-27 at 09:02:20 | INFO | Done
2021-01-27 at 09:02:20 | INFO | exit from DB
2021-01-27 at 09:02:21 | DEBUG | Fault reading
2021-01-27 at 09:02:21 | INFO | Data Base is ready to use
2021-01-27 at 09:02:22 | INFO | Done
2021-01-27 at 09:02:22 | INFO | exit from DB
2021-01-27 at 09:02:23 | DEBUG | Fault reading
2021-01-27 at 09:02:24 | INFO | Data Base is ready to use
2021-01-27 at 09:02:25 | INFO | Done
2021-01-27 at 09:02:26 | INFO | exit from DB
2021-01-27 at 09:02:26 | DEBUG | Fault reading
2021-01-27 at 09:02:27 | INFO | Data Base is ready to use
2021-01-27 at 09:02:28 | INFO | Done
2021-01-27 at 09:02:29 | INFO | exit from DB
2021-01-27 at 09:02:29 | DEBUG | Fault reading
2021-01-27 at 09:02:30 | INFO | Data Base is ready to use
2021-01-27 at 09:02:31 | INFO | Done
2021-01-27 at 09:02:31 | INFO | exit from DB
2021-01-27 at 09:02:32 | DEBUG | Fault reading
2021-01-27 at 09:02:32 | INFO | Data Base is ready to use
2021-01-27 at 09:02:32 | INFO | Done
2021-01-27 at 09:02:32 | INFO | exit from DB
2021-01-27 at 09:02:33 | DEBUG | Fault reading
2021-01-27 at 09:02:33 | INFO | Disconnected for end of polling this device
2021-01-27 at 09:02:33 | INFO | Polling ON
2021-01-27 at 09:02:34 | INFO | Data Base is ready to use
2021-01-27 at 09:02:35 | INFO | Done
2021-01-27 at 09:02:36 | INFO | exit from DB
2021-01-27 at 09:02:36 | DEBUG | Fault reading
2021-01-27 at 09:02:37 | INFO | Data Base is ready to use
2021-01-27 at 09:02:38 | INFO | Done
2021-01-27 at 09:02:39 | INFO | exit from DB
2021-01-27 at 09:02:39 | DEBUG | Fault reading
2021-01-27 at 09:02:40 | INFO | Data Base is ready to use
2021-01-27 at 09:02:42 | INFO | Done
2021-01-27 at 09:02:43 | INFO | exit from DB
2021-01-27 at 09:02:44 | DEBUG | Fault reading
2021-01-27 at 09:02:45 | INFO | Data Base is ready to use
2021-01-27 at 09:02:46 | INFO | Done
2021-01-27 at 09:02:47 | INFO | exit from DB
2021-01-27 at 09:02:48 | DEBUG | Fault reading
2021-01-27 at 09:02:49 | INFO | Data Base is ready to use
2021-01-27 at 09:02:50 | INFO | Done
2021-01-27 at 09:02:51 | INFO | exit from DB
2021-01-27 at 09:02:51 | DEBUG | Fault reading
2021-01-27 at 09:02:52 | INFO | Data Base is ready to use
2021-01-27 at 09:02:53 | INFO | Done
2021-01-27 at 09:02:54 | INFO | exit from DB
2021-01-27 at 09:02:55 | DEBUG | Fault reading
2021-01-27 at 09:02:56 | INFO | Disconnected for end of polling this device
2021-01-27 at 09:02:56 | INFO | Polling ON
2021-01-27 at 09:02:56 | INFO | Data Base is ready to use
2021-01-27 at 09:02:58 | INFO | Done
2021-01-27 at 09:02:59 | INFO | exit from DB
2021-01-27 at 09:03:00 | DEBUG | Fault reading
2021-01-27 at 09:03:01 | INFO | Data Base is ready to use
2021-01-27 at 09:03:02 | INFO | Done
2021-01-27 at 09:03:03 | INFO | exit from DB
2021-01-27 at 09:03:04 | DEBUG | Fault reading
2021-01-27 at 09:03:05 | INFO | Data Base is ready to use
2021-01-27 at 09:03:06 | INFO | Done
2021-01-27 at 09:03:07 | INFO | exit from DB
2021-01-27 at 09:03:08 | DEBUG | Fault reading
2021-01-27 at 09:03:10 | INFO | Data Base is ready to use
2021-01-27 at 09:03:10 | INFO | Done
2021-01-27 at 09:03:11 | INFO | exit from DB
2021-01-27 at 09:03:12 | DEBUG | Fault reading
2021-01-27 at 09:03:13 | INFO | Data Base is ready to use
2021-01-27 at 09:03:14 | INFO | Done
2021-01-27 at 09:03:14 | INFO | exit from DB
2021-01-27 at 09:03:16 | DEBUG | Fault reading
2021-01-27 at 09:03:17 | INFO | Data Base is ready to use
2021-01-27 at 09:03:18 | INFO | Done
2021-01-27 at 09:03:19 | INFO | exit from DB
2021-01-27 at 09:03:19 | DEBUG | Fault reading
2021-01-27 at 09:03:20 | INFO | Disconnected for end of polling this device
2021-01-27 at 09:03:20 | INFO | Polling ON
2021-01-27 at 09:03:20 | INFO | Data Base is ready to use
2021-01-27 at 09:03:22 | INFO | Done
2021-01-27 at 09:03:23 | INFO | exit from DB
2021-01-27 at 09:03:24 | DEBUG | Fault reading
2021-01-27 at 09:03:35 | INFO | Data Base is ready to use
2021-01-27 at 09:03:35 | INFO | exit from DB
2021-01-27 at 09:03:35 | INFO | Polling ON
2021-01-27 at 09:03:36 | INFO | Data Base is ready to use
2021-01-27 at 09:03:36 | INFO | Done
2021-01-27 at 09:03:37 | INFO | exit from DB
2021-01-27 at 09:03:37 | DEBUG | Fault reading
2021-01-27 at 09:03:37 | INFO | Data Base is ready to use
2021-01-27 at 09:03:37 | INFO | Done
2021-01-27 at 09:03:38 | INFO | exit from DB
2021-01-27 at 09:03:38 | DEBUG | Fault reading
2021-01-27 at 09:03:38 | INFO | Data Base is ready to use
2021-01-27 at 09:03:39 | INFO | Done
2021-01-27 at 09:03:39 | INFO | exit from DB
2021-01-27 at 09:03:39 | DEBUG | Fault reading
2021-01-27 at 09:03:39 | INFO | Data Base is ready to use
2021-01-27 at 09:03:40 | INFO | Done
2021-01-27 at 09:03:40 | INFO | exit from DB
2021-01-27 at 09:03:40 | DEBUG | Fault reading
2021-01-27 at 09:03:40 | INFO | Data Base is ready to use
2021-01-27 at 09:03:41 | INFO | Done
2021-01-27 at 09:03:41 | INFO | exit from DB
2021-01-27 at 09:03:41 | DEBUG | Fault reading
2021-01-27 at 09:03:42 | INFO | Data Base is ready to use
2021-01-27 at 09:03:42 | INFO | Done
2021-01-27 at 09:03:43 | INFO | exit from DB
2021-01-27 at 09:03:43 | DEBUG | Fault reading
2021-01-27 at 09:03:43 | INFO | Disconnected for end of polling this device
2021-01-27 at 09:03:43 | INFO | Polling ON
2021-01-27 at 09:03:43 | INFO | Data Base is ready to use
2021-01-27 at 09:03:44 | INFO | Done
2021-01-27 at 09:03:44 | INFO | exit from DB
2021-01-27 at 09:03:44 | DEBUG | Fault reading
2021-01-27 at 09:03:45 | INFO | Data Base is ready to use
2021-01-27 at 09:03:46 | INFO | Done
2021-01-27 at 09:03:46 | INFO | exit from DB
2021-01-27 at 09:03:46 | DEBUG | Fault reading
2021-01-27 at 09:03:46 | INFO | Data Base is ready to use
2021-01-27 at 09:03:47 | INFO | Done
2021-01-27 at 09:03:48 | INFO | exit from DB
2021-01-27 at 09:03:48 | DEBUG | Fault reading
2021-01-27 at 09:03:48 | INFO | Data Base is ready to use
2021-01-27 at 09:03:49 | INFO | Done
2021-01-27 at 09:03:50 | INFO | exit from DB
2021-01-27 at 09:03:50 | DEBUG | Fault reading
2021-01-27 at 09:03:51 | INFO | Data Base is ready to use
2021-01-27 at 09:03:51 | INFO | Done
2021-01-27 at 09:03:52 | INFO | exit from DB
2021-01-27 at 09:03:52 | DEBUG | Fault reading
2021-01-27 at 09:03:53 | INFO | Data Base is ready to use
2021-01-27 at 09:03:54 | INFO | Done
2021-01-27 at 09:03:54 | INFO | exit from DB
2021-01-27 at 09:03:55 | DEBUG | Fault reading
2021-01-27 at 09:03:55 | INFO | Disconnected for end of polling this device
2021-01-27 at 09:03:55 | INFO | Polling ON
2021-01-27 at 09:03:55 | INFO | Data Base is ready to use
2021-01-27 at 09:03:56 | INFO | Done
2021-01-27 at 09:03:57 | INFO | exit from DB
2021-01-27 at 09:03:58 | DEBUG | Fault reading
2021-01-27 at 09:03:58 | INFO | Data Base is ready to use
2021-01-27 at 09:03:59 | INFO | Done
2021-01-27 at 09:04:00 | INFO | exit from DB
2021-01-27 at 09:04:00 | DEBUG | Fault reading
2021-01-27 at 09:04:00 | INFO | Data Base is ready to use
2021-01-27 at 09:04:01 | INFO | Done
2021-01-27 at 09:04:01 | INFO | exit from DB
2021-01-27 at 09:04:02 | DEBUG | Fault reading
2021-01-27 at 09:04:03 | INFO | Data Base is ready to use
2021-01-27 at 09:04:03 | INFO | Done
2021-01-27 at 09:04:03 | INFO | exit from DB
2021-01-27 at 09:04:04 | DEBUG | Fault reading
2021-01-27 at 09:04:05 | INFO | Data Base is ready to use
2021-01-27 at 09:04:06 | INFO | Done
2021-01-27 at 09:04:06 | INFO | exit from DB
2021-01-27 at 09:04:06 | DEBUG | Fault reading
2021-01-27 at 09:04:06 | INFO | Data Base is ready to use
2021-01-27 at 09:04:07 | INFO | Done
2021-01-27 at 09:04:08 | INFO | exit from DB
2021-01-27 at 09:04:08 | DEBUG | Fault reading
2021-01-27 at 09:04:08 | INFO | Disconnected for end of polling this device
2021-01-27 at 09:04:08 | INFO | Polling ON
2021-01-27 at 09:04:08 | INFO | Data Base is ready to use
2021-01-27 at 09:04:08 | INFO | Done
2021-01-27 at 09:04:09 | INFO | exit from DB
2021-01-27 at 09:04:09 | DEBUG | Fault reading
2021-01-27 at 09:04:09 | INFO | Data Base is ready to use
2021-01-27 at 09:04:10 | INFO | Done
2021-01-27 at 09:04:11 | INFO | exit from DB
2021-01-27 at 09:04:11 | DEBUG | Fault reading
2021-01-27 at 09:04:12 | INFO | Data Base is ready to use
2021-01-27 at 09:04:13 | INFO | Done
2021-01-27 at 09:04:14 | INFO | exit from DB
2021-01-27 at 09:04:15 | DEBUG | Fault reading
2021-01-27 at 09:04:15 | INFO | Data Base is ready to use
2021-01-27 at 09:04:16 | INFO | Done
2021-01-27 at 09:04:16 | INFO | exit from DB
2021-01-27 at 09:04:16 | DEBUG | Fault reading
2021-01-27 at 09:04:17 | INFO | Data Base is ready to use
2021-01-27 at 09:04:17 | INFO | Done
2021-01-27 at 09:04:18 | INFO | exit from DB
2021-01-27 at 09:04:18 | DEBUG | Fault reading
2021-01-27 at 09:04:18 | INFO | Data Base is ready to use
2021-01-27 at 09:04:19 | INFO | Done
2021-01-27 at 09:04:20 | INFO | exit from DB
2021-01-27 at 09:04:20 | DEBUG | Fault reading
2021-01-27 at 09:04:20 | INFO | Disconnected for end of polling this device
2021-01-27 at 09:04:20 | INFO | Polling ON
2021-01-27 at 09:04:21 | INFO | Data Base is ready to use
2021-01-27 at 09:04:22 | INFO | Done
2021-01-27 at 09:04:22 | INFO | exit from DB
2021-01-27 at 09:04:23 | DEBUG | Fault reading
2021-01-27 at 09:04:23 | INFO | Data Base is ready to use
2021-01-27 at 09:04:25 | INFO | Done
2021-01-27 at 09:04:26 | INFO | exit from DB
2021-01-27 at 09:04:27 | DEBUG | Fault reading
2021-01-27 at 09:04:28 | INFO | Data Base is ready to use
2021-01-27 at 09:04:30 | INFO | Done
2021-01-27 at 09:04:30 | INFO | exit from DB
2021-01-27 at 09:04:32 | DEBUG | Fault reading
2021-01-27 at 09:04:33 | INFO | Data Base is ready to use
2021-01-27 at 09:04:34 | INFO | Done
2021-01-27 at 09:04:35 | INFO | exit from DB
2021-01-27 at 09:04:35 | DEBUG | Fault reading
2021-01-27 at 09:04:37 | INFO | Data Base is ready to use
2021-01-27 at 09:04:38 | INFO | Done
2021-01-27 at 09:04:39 | INFO | exit from DB
2021-01-27 at 09:04:40 | DEBUG | Fault reading
2021-01-27 at 09:04:41 | INFO | Data Base is ready to use
2021-01-27 at 09:04:42 | INFO | Done
2021-01-27 at 09:04:42 | INFO | exit from DB
2021-01-27 at 09:04:43 | DEBUG | Fault reading
2021-01-27 at 09:04:44 | INFO | Disconnected for end of polling this device
2021-01-27 at 09:04:44 | INFO | Polling ON
2021-01-27 at 09:04:44 | INFO | Data Base is ready to use
2021-01-27 at 09:04:45 | INFO | Done
2021-01-27 at 09:04:46 | INFO | exit from DB
2021-01-27 at 09:04:46 | DEBUG | Fault reading
2021-01-27 at 09:04:47 | INFO | Data Base is ready to use
2021-01-27 at 09:04:47 | INFO | Done
2021-01-27 at 09:04:48 | INFO | exit from DB
2021-01-27 at 09:04:48 | DEBUG | Fault reading
2021-01-27 at 09:04:48 | INFO | Data Base is ready to use
2021-01-27 at 09:04:50 | INFO | Done
2021-01-27 at 09:04:51 | INFO | exit from DB
2021-01-27 at 09:04:52 | DEBUG | Fault reading
2021-01-27 at 09:06:52 | INFO | Data Base is ready to use
2021-01-27 at 09:06:53 | INFO | exit from DB
2021-01-27 at 09:06:53 | INFO | Polling ON
2021-01-27 at 09:06:53 | INFO | Data Base is ready to use
2021-01-27 at 09:06:54 | INFO | Done
2021-01-27 at 09:06:54 | INFO | exit from DB
2021-01-27 at 09:06:54 | DEBUG | Fault reading
2021-01-27 at 09:06:54 | INFO | Data Base is ready to use
2021-01-27 at 09:06:55 | INFO | Done
2021-01-27 at 09:06:55 | INFO | exit from DB
2021-01-27 at 09:06:55 | DEBUG | Fault reading
2021-01-27 at 09:06:56 | INFO | Data Base is ready to use
2021-01-27 at 09:06:56 | INFO | Done
2021-01-27 at 09:06:56 | INFO | exit from DB
2021-01-27 at 09:06:57 | DEBUG | Fault reading
2021-01-27 at 09:06:57 | INFO | Data Base is ready to use
2021-01-27 at 09:06:57 | INFO | Done
2021-01-27 at 09:06:58 | INFO | exit from DB
2021-01-27 at 09:08:25 | INFO | Data Base is ready to use
2021-01-27 at 09:08:26 | INFO | exit from DB
2021-01-27 at 09:08:26 | INFO | Polling ON
2021-01-27 at 09:08:26 | INFO | Data Base is ready to use
2021-01-27 at 09:08:27 | INFO | Done
2021-01-27 at 09:08:27 | INFO | exit from DB
2021-01-27 at 09:08:27 | DEBUG | Fault reading
2021-01-27 at 09:08:27 | INFO | Data Base is ready to use
2021-01-27 at 09:08:28 | INFO | Done
2021-01-27 at 09:08:28 | INFO | exit from DB
2021-01-27 at 09:08:29 | DEBUG | Fault reading
2021-01-27 at 09:08:29 | INFO | Data Base is ready to use
2021-01-27 at 09:08:30 | INFO | Done
2021-01-27 at 09:08:30 | INFO | exit from DB
2021-01-27 at 09:08:30 | DEBUG | Fault reading
2021-01-27 at 09:08:30 | INFO | Data Base is ready to use
2021-01-27 at 09:08:31 | INFO | Done
2021-01-27 at 09:09:13 | INFO | Data Base is ready to use
2021-01-27 at 09:09:14 | INFO | exit from DB
2021-01-27 at 09:09:14 | INFO | Polling ON
2021-01-27 at 09:09:14 | INFO | Data Base is ready to use
2021-01-27 at 09:09:15 | INFO | Done
2021-01-27 at 09:09:15 | INFO | exit from DB
2021-01-27 at 09:09:15 | INFO | Data Base is ready to use
2021-01-27 at 09:09:16 | INFO | Done
2021-01-27 at 09:09:16 | INFO | exit from DB
2021-01-27 at 09:09:16 | INFO | Data Base is ready to use
2021-01-27 at 09:09:17 | INFO | Done
2021-01-27 at 09:09:17 | INFO | exit from DB
2021-01-27 at 09:09:18 | INFO | Data Base is ready to use
2021-01-27 at 09:09:18 | INFO | Done
2021-01-27 at 09:09:19 | INFO | exit from DB
2021-01-27 at 09:09:19 | INFO | Data Base is ready to use
2021-01-27 at 09:10:14 | INFO | Data Base is ready to use
2021-01-27 at 09:10:14 | INFO | exit from DB
2021-01-27 at 09:10:14 | INFO | Polling ON
2021-01-27 at 09:10:14 | INFO | Data Base is ready to use
2021-01-27 at 09:10:15 | INFO | Done
2021-01-27 at 09:10:15 | INFO | exit from DB
2021-01-27 at 09:10:16 | INFO | Data Base is ready to use
2021-01-27 at 09:10:16 | INFO | Done
2021-01-27 at 09:10:16 | INFO | exit from DB
2021-01-27 at 09:10:17 | INFO | Data Base is ready to use
2021-01-27 at 09:10:17 | INFO | Done
2021-01-27 at 09:10:18 | INFO | exit from DB
2021-01-27 at 09:10:18 | INFO | Data Base is ready to use
2021-01-27 at 09:10:18 | INFO | Done
2021-01-27 at 09:10:19 | INFO | exit from DB
2021-01-27 at 09:10:19 | INFO | Data Base is ready to use
2021-01-27 at 09:10:20 | INFO | Done
2021-01-27 at 09:10:20 | INFO | exit from DB
2021-01-27 at 09:10:20 | DEBUG | Fault reading
2021-01-27 at 09:10:21 | INFO | Data Base is ready to use
2021-01-27 at 09:10:22 | INFO | Done
2021-01-27 at 09:10:22 | INFO | exit from DB
2021-01-27 at 09:10:22 | DEBUG | Fault reading
2021-01-27 at 09:10:22 | INFO | Disconnected for end of polling this device
2021-01-27 at 09:10:22 | INFO | Polling ON
2021-01-27 at 09:10:23 | INFO | Data Base is ready to use
2021-01-27 at 09:10:23 | INFO | Done
2021-01-27 at 09:10:24 | INFO | exit from DB
2021-01-27 at 09:10:24 | INFO | Data Base is ready to use
2021-01-27 at 09:10:25 | INFO | Done
2021-01-27 at 09:10:25 | INFO | exit from DB
2021-01-27 at 09:10:26 | INFO | Data Base is ready to use
2021-01-27 at 09:10:26 | INFO | Done
2021-01-27 at 09:10:26 | INFO | exit from DB
2021-01-27 at 09:10:27 | INFO | Data Base is ready to use
2021-01-27 at 09:10:27 | INFO | Done
2021-01-27 at 09:10:27 | INFO | exit from DB
2021-01-27 at 09:10:28 | INFO | Data Base is ready to use
2021-01-27 at 09:10:28 | INFO | Done
2021-01-27 at 09:10:29 | INFO | exit from DB
2021-01-27 at 09:10:29 | DEBUG | Fault reading
2021-01-27 at 09:10:29 | INFO | Data Base is ready to use
2021-01-27 at 09:10:30 | INFO | Done
2021-01-27 at 09:10:30 | INFO | exit from DB
2021-01-27 at 09:10:30 | DEBUG | Fault reading
2021-01-27 at 09:10:30 | INFO | Disconnected for end of polling this device
2021-01-27 at 09:10:30 | INFO | Polling ON
2021-01-27 at 09:10:31 | INFO | Data Base is ready to use
2021-01-27 at 09:10:31 | INFO | Done
2021-01-27 at 09:10:31 | INFO | exit from DB
2021-01-27 at 09:10:32 | INFO | Data Base is ready to use
2021-01-27 at 09:10:33 | INFO | Done
2021-01-27 at 09:10:33 | INFO | exit from DB
2021-01-27 at 09:10:34 | INFO | Data Base is ready to use
2021-01-27 at 09:10:35 | INFO | Done
2021-01-27 at 09:10:36 | INFO | exit from DB
2021-01-27 at 09:10:36 | INFO | Data Base is ready to use
2021-01-27 at 09:10:38 | INFO | Done
2021-01-27 at 09:10:39 | INFO | exit from DB
2021-01-27 at 09:10:40 | INFO | Data Base is ready to use
2021-01-27 at 09:10:41 | INFO | Done
2021-01-27 at 09:10:42 | INFO | exit from DB
2021-01-27 at 09:10:42 | DEBUG | Fault reading
2021-01-27 at 09:10:43 | INFO | Data Base is ready to use
2021-01-27 at 09:10:45 | INFO | Done
2021-01-27 at 09:10:45 | INFO | exit from DB
2021-01-27 at 09:10:46 | DEBUG | Fault reading
2021-01-27 at 09:10:47 | INFO | Disconnected for end of polling this device
2021-01-27 at 09:10:47 | INFO | Polling ON
2021-01-27 at 09:10:47 | INFO | Data Base is ready to use
2021-01-27 at 09:10:48 | INFO | Done
2021-01-27 at 09:10:49 | INFO | exit from DB
2021-01-27 at 09:10:50 | INFO | Data Base is ready to use
2021-01-27 at 09:10:51 | INFO | Done
2021-01-27 at 09:10:52 | INFO | exit from DB
2021-01-27 at 09:10:53 | INFO | Data Base is ready to use
2021-01-27 at 09:10:54 | INFO | Done
2021-01-27 at 09:10:55 | INFO | exit from DB
2021-01-27 at 09:10:56 | INFO | Data Base is ready to use
2021-01-27 at 09:10:57 | INFO | Done
2021-01-27 at 09:10:58 | INFO | exit from DB
2021-01-27 at 09:10:59 | INFO | Data Base is ready to use
2021-01-27 at 09:11:00 | INFO | Done
2021-01-27 at 09:11:00 | INFO | exit from DB
2021-01-27 at 09:11:00 | DEBUG | Fault reading
2021-01-27 at 09:11:00 | INFO | Data Base is ready to use
2021-01-27 at 09:11:01 | INFO | Done
2021-01-27 at 09:11:01 | INFO | exit from DB
2021-01-27 at 09:11:01 | DEBUG | Fault reading
2021-01-27 at 09:11:01 | INFO | Disconnected for end of polling this device
2021-01-27 at 09:11:01 | INFO | Polling ON
2021-01-27 at 09:11:01 | INFO | Data Base is ready to use
2021-01-27 at 09:11:02 | INFO | Done
2021-01-27 at 09:11:02 | INFO | exit from DB
2021-01-27 at 09:11:02 | INFO | Data Base is ready to use
2021-01-27 at 09:11:03 | INFO | Done
2021-01-27 at 09:11:04 | INFO | exit from DB
2021-01-27 at 09:11:04 | INFO | Data Base is ready to use
2021-01-27 at 09:11:05 | INFO | Done
2021-01-27 at 09:11:05 | INFO | exit from DB
2021-01-27 at 09:11:05 | INFO | Data Base is ready to use
2021-01-27 at 09:11:06 | INFO | Done
2021-01-27 at 09:11:06 | INFO | exit from DB
2021-01-27 at 09:11:06 | INFO | Data Base is ready to use
2021-01-27 at 09:11:07 | INFO | Done
2021-01-27 at 09:11:07 | INFO | exit from DB
2021-01-27 at 09:11:08 | DEBUG | Fault reading
2021-01-27 at 09:11:09 | INFO | Data Base is ready to use
2021-01-27 at 09:11:09 | INFO | Done
2021-01-27 at 09:11:10 | INFO | exit from DB
2021-01-27 at 09:11:10 | DEBUG | Fault reading
2021-01-27 at 09:11:10 | INFO | Disconnected for end of polling this device
2021-01-27 at 09:11:10 | INFO | Polling ON
2021-01-27 at 09:11:10 | INFO | Data Base is ready to use
2021-01-27 at 09:11:11 | INFO | Done
2021-01-27 at 09:11:12 | INFO | exit from DB
2021-01-27 at 09:11:14 | INFO | Data Base is ready to use
2021-01-27 at 09:11:15 | INFO | Done
2021-01-27 at 09:11:15 | INFO | exit from DB
2021-01-27 at 09:11:16 | INFO | Data Base is ready to use
2021-01-27 at 09:11:16 | INFO | Done
2021-01-27 at 09:11:17 | INFO | exit from DB
2021-01-27 at 09:11:17 | INFO | Data Base is ready to use
2021-01-27 at 09:11:18 | INFO | Done
2021-01-27 at 09:11:18 | INFO | exit from DB
2021-01-27 at 09:11:18 | INFO | Data Base is ready to use
2021-01-27 at 09:11:19 | INFO | Done
2021-01-27 at 09:11:20 | INFO | exit from DB
2021-01-27 at 09:11:20 | DEBUG | Fault reading
2021-01-27 at 09:11:21 | INFO | Data Base is ready to use
2021-01-27 at 09:11:21 | INFO | Done
2021-01-27 at 09:11:21 | INFO | exit from DB
2021-01-27 at 09:11:21 | DEBUG | Fault reading
2021-01-27 at 09:11:22 | INFO | Disconnected for end of polling this device
2021-01-27 at 09:11:22 | INFO | Polling ON
2021-01-27 at 09:11:22 | INFO | Data Base is ready to use
2021-01-27 at 09:11:23 | INFO | Done
2021-01-27 at 09:11:23 | INFO | exit from DB
2021-01-27 at 09:11:24 | INFO | Data Base is ready to use
2021-01-27 at 09:11:25 | INFO | Done
2021-01-27 at 09:11:25 | INFO | exit from DB
2021-01-27 at 09:11:25 | INFO | Data Base is ready to use
2021-01-27 at 09:11:26 | INFO | Done
2021-01-27 at 09:11:27 | INFO | exit from DB
2021-01-27 at 09:11:27 | INFO | Data Base is ready to use
2021-01-27 at 09:11:28 | INFO | Done
2021-01-27 at 09:11:28 | INFO | exit from DB
2021-01-27 at 09:11:28 | INFO | Data Base is ready to use
2021-01-27 at 09:11:29 | INFO | Done
2021-01-27 at 09:11:30 | INFO | exit from DB
2021-01-27 at 09:11:30 | DEBUG | Fault reading
2021-01-27 at 09:13:37 | INFO | Data Base is ready to use
2021-01-27 at 09:13:38 | INFO | exit from DB
2021-01-27 at 09:13:38 | INFO | Polling ON
2021-01-27 at 09:13:38 | INFO | Data Base is ready to use
2021-01-27 at 09:13:39 | INFO | Done
2021-01-27 at 09:13:39 | INFO | exit from DB
2021-01-27 at 09:13:40 | INFO | Data Base is ready to use
2021-01-27 at 09:13:40 | INFO | Done
2021-01-27 at 09:13:41 | INFO | exit from DB
2021-01-27 at 09:13:41 | INFO | Data Base is ready to use
2021-01-27 at 09:13:42 | INFO | Done
2021-01-27 at 09:13:42 | INFO | exit from DB
2021-01-27 at 09:13:42 | INFO | Data Base is ready to use
2021-01-27 at 09:13:43 | INFO | Done
2021-01-27 at 09:13:43 | INFO | exit from DB
2021-01-27 at 09:13:44 | INFO | Data Base is ready to use
2021-01-27 at 09:13:45 | INFO | Done
2021-01-27 at 09:13:45 | INFO | exit from DB
2021-01-27 at 09:13:45 | DEBUG | Fault reading
2021-01-27 at 09:13:46 | INFO | Data Base is ready to use
2021-01-27 at 09:13:47 | INFO | Done
2021-01-27 at 09:13:47 | INFO | exit from DB
2021-01-27 at 09:13:47 | DEBUG | Fault reading
2021-01-27 at 09:13:47 | INFO | Disconnected for end of polling this device
2021-01-27 at 09:13:47 | INFO | Polling ON
2021-01-27 at 09:13:48 | INFO | Data Base is ready to use
2021-01-27 at 09:13:48 | INFO | Done
2021-01-27 at 09:13:49 | INFO | exit from DB
2021-01-27 at 09:13:49 | INFO | Data Base is ready to use
2021-01-27 at 09:13:50 | INFO | Done
2021-01-27 at 09:13:50 | INFO | exit from DB
2021-01-27 at 09:13:51 | INFO | Data Base is ready to use
2021-01-27 at 09:13:52 | INFO | Done
2021-01-27 at 09:13:52 | INFO | exit from DB
2021-01-27 at 09:13:53 | INFO | Data Base is ready to use
2021-01-27 at 09:13:54 | INFO | Done
2021-01-27 at 09:13:54 | INFO | exit from DB
2021-01-27 at 09:13:54 | INFO | Data Base is ready to use
2021-01-27 at 09:13:55 | INFO | Done
2021-01-27 at 09:13:56 | INFO | exit from DB
2021-01-27 at 09:13:56 | DEBUG | Fault reading
2021-01-27 at 09:13:57 | INFO | Data Base is ready to use
2021-01-27 at 09:13:57 | INFO | Done
2021-01-27 at 09:13:58 | INFO | exit from DB
2021-01-27 at 09:13:58 | DEBUG | Fault reading
2021-01-27 at 09:13:59 | INFO | Disconnected for end of polling this device
2021-01-27 at 09:13:59 | INFO | Polling ON
2021-01-27 at 09:13:59 | INFO | Data Base is ready to use
2021-01-27 at 09:14:00 | INFO | Done
2021-01-27 at 09:14:00 | INFO | exit from DB
2021-01-27 at 09:14:01 | INFO | Data Base is ready to use
2021-01-27 at 09:14:02 | INFO | Done
2021-01-27 at 09:14:03 | INFO | exit from DB
2021-01-27 at 09:14:03 | INFO | Data Base is ready to use
2021-01-27 at 09:14:04 | INFO | Done
2021-01-27 at 09:14:05 | INFO | exit from DB
2021-01-27 at 09:14:05 | INFO | Data Base is ready to use
2021-01-27 at 09:14:06 | INFO | Done
2021-01-27 at 09:14:07 | INFO | exit from DB
2021-01-27 at 09:14:07 | INFO | Data Base is ready to use
2021-01-27 at 09:14:08 | INFO | Done
2021-01-27 at 09:14:08 | INFO | exit from DB
2021-01-27 at 09:14:08 | DEBUG | Fault reading
2021-01-27 at 09:14:08 | INFO | Data Base is ready to use
2021-01-27 at 09:14:09 | INFO | Done
2021-01-27 at 09:14:09 | INFO | exit from DB
2021-01-27 at 09:14:10 | DEBUG | Fault reading
2021-01-27 at 09:14:11 | INFO | Disconnected for end of polling this device
2021-01-27 at 09:14:11 | INFO | Polling ON
2021-01-27 at 09:14:11 | INFO | Data Base is ready to use
2021-01-27 at 09:14:12 | INFO | Done
2021-01-27 at 09:14:13 | INFO | exit from DB
2021-01-27 at 09:14:14 | INFO | Data Base is ready to use
2021-01-27 at 09:14:15 | INFO | Done
2021-01-27 at 09:14:15 | INFO | exit from DB
2021-01-27 at 09:14:16 | INFO | Data Base is ready to use
2021-01-27 at 09:14:16 | INFO | Done
2021-01-27 at 09:14:17 | INFO | exit from DB
2021-01-27 at 09:14:18 | INFO | Data Base is ready to use
2021-01-27 at 09:14:19 | INFO | Done
2021-01-27 at 09:14:19 | INFO | exit from DB
2021-01-27 at 09:14:20 | INFO | Data Base is ready to use
2021-01-27 at 09:14:21 | INFO | Done
2021-01-27 at 09:14:21 | INFO | exit from DB
2021-01-27 at 09:14:22 | DEBUG | Fault reading
2021-01-27 at 09:14:22 | INFO | Data Base is ready to use
2021-01-27 at 09:14:23 | INFO | Done
2021-01-27 at 09:14:24 | INFO | exit from DB
2021-01-27 at 09:14:24 | DEBUG | Fault reading
2021-01-27 at 09:14:25 | INFO | Disconnected for end of polling this device
2021-01-27 at 09:14:25 | INFO | Polling ON
2021-01-27 at 09:14:25 | INFO | Data Base is ready to use
2021-01-27 at 09:14:26 | INFO | Done
2021-01-27 at 09:14:27 | INFO | exit from DB
2021-01-27 at 09:14:28 | INFO | Data Base is ready to use
2021-01-27 at 09:14:28 | INFO | Done
2021-01-27 at 09:14:29 | INFO | exit from DB
2021-01-27 at 09:14:30 | INFO | Data Base is ready to use
2021-01-27 at 09:14:31 | INFO | Done
2021-01-27 at 09:14:32 | INFO | exit from DB
2021-01-27 at 09:14:32 | INFO | Data Base is ready to use
2021-01-27 at 09:14:33 | INFO | Done
2021-01-27 at 09:14:34 | INFO | exit from DB
2021-01-27 at 09:14:35 | INFO | Data Base is ready to use
2021-01-27 at 09:14:36 | INFO | Done
2021-01-27 at 09:14:36 | INFO | exit from DB
2021-01-27 at 09:14:37 | DEBUG | Fault reading
2021-01-27 at 09:14:37 | INFO | Data Base is ready to use
2021-01-27 at 09:14:37 | INFO | Done
2021-01-27 at 09:14:38 | INFO | exit from DB
2021-01-27 at 09:14:38 | DEBUG | Fault reading
2021-01-27 at 09:14:38 | INFO | Disconnected for end of polling this device
2021-01-27 at 09:14:38 | INFO | Polling ON
2021-01-27 at 09:14:38 | INFO | Data Base is ready to use
2021-01-27 at 09:14:38 | INFO | Done
2021-01-27 at 09:14:40 | INFO | exit from DB
2021-01-27 at 09:14:41 | INFO | Data Base is ready to use
2021-01-27 at 09:14:43 | INFO | Done
2021-01-27 at 09:14:44 | INFO | exit from DB
2021-01-27 at 09:14:45 | INFO | Data Base is ready to use
2021-01-27 at 09:14:46 | INFO | Done
2021-01-27 at 09:14:46 | INFO | exit from DB
2021-01-27 at 09:14:47 | INFO | Data Base is ready to use
2021-01-27 at 09:14:49 | INFO | Done
2021-01-27 at 09:14:49 | INFO | exit from DB
2021-01-27 at 09:14:50 | INFO | Data Base is ready to use
2021-01-27 at 09:14:51 | INFO | Done
2021-01-27 at 09:14:51 | INFO | exit from DB
2021-01-27 at 09:14:51 | DEBUG | Fault reading
2021-01-27 at 09:14:51 | INFO | Data Base is ready to use
2021-01-27 at 09:14:52 | INFO | Done
2021-01-27 at 09:14:52 | INFO | exit from DB
2021-01-27 at 09:14:52 | DEBUG | Fault reading
2021-01-27 at 09:14:52 | INFO | Disconnected for end of polling this device
2021-01-27 at 09:14:52 | INFO | Polling ON
2021-01-27 at 09:14:53 | INFO | Data Base is ready to use
2021-01-27 at 09:14:53 | INFO | Done
2021-01-27 at 09:14:53 | INFO | exit from DB
2021-01-27 at 09:14:53 | INFO | Data Base is ready to use
2021-01-27 at 09:14:54 | INFO | Done
2021-01-27 at 09:14:55 | INFO | exit from DB
2021-01-27 at 09:14:55 | INFO | Data Base is ready to use
2021-01-27 at 09:14:56 | INFO | Done
2021-01-27 at 09:14:56 | INFO | exit from DB
2021-01-27 at 09:14:57 | INFO | Data Base is ready to use
2021-01-27 at 09:14:57 | INFO | Done
2021-01-27 at 09:14:58 | INFO | exit from DB
2021-01-27 at 09:14:58 | INFO | Data Base is ready to use
2021-01-27 at 09:14:59 | INFO | Done
2021-01-27 at 09:15:00 | INFO | exit from DB
2021-01-27 at 09:15:00 | DEBUG | Fault reading
2021-01-27 at 09:15:01 | INFO | Data Base is ready to use
2021-01-27 at 09:15:01 | INFO | Done
2021-01-27 at 09:15:02 | INFO | exit from DB
2021-01-27 at 09:15:02 | DEBUG | Fault reading
2021-01-27 at 09:15:03 | INFO | Disconnected for end of polling this device
2021-01-27 at 09:15:03 | INFO | Polling ON
2021-01-27 at 09:15:03 | INFO | Data Base is ready to use
2021-01-27 at 09:15:04 | INFO | Done
2021-01-27 at 09:15:04 | INFO | exit from DB
2021-01-27 at 09:15:04 | INFO | Data Base is ready to use
2021-01-27 at 09:15:05 | INFO | Done
2021-01-27 at 09:15:06 | INFO | exit from DB
2021-01-27 at 09:15:06 | INFO | Data Base is ready to use
2021-01-27 at 09:15:07 | INFO | Done
2021-01-27 at 09:15:07 | INFO | exit from DB
2021-01-27 at 09:15:07 | INFO | Data Base is ready to use
2021-01-27 at 09:15:08 | INFO | Done
2021-01-27 at 09:15:09 | INFO | exit from DB
2021-01-27 at 09:15:09 | INFO | Data Base is ready to use
2021-01-27 at 09:15:11 | INFO | Done
2021-01-27 at 09:15:11 | INFO | exit from DB
2021-01-27 at 09:15:12 | DEBUG | Fault reading
2021-01-27 at 09:15:12 | INFO | Data Base is ready to use
2021-01-27 at 09:15:13 | INFO | Done
2021-01-27 at 09:15:13 | INFO | exit from DB
2021-01-27 at 09:15:14 | DEBUG | Fault reading
2021-01-27 at 09:15:15 | INFO | Disconnected for end of polling this device
2021-01-27 at 09:15:15 | INFO | Polling ON
2021-01-27 at 09:15:15 | INFO | Data Base is ready to use
2021-01-27 at 09:15:16 | INFO | Done
2021-01-27 at 09:15:17 | INFO | exit from DB
2021-01-27 at 09:15:18 | INFO | Data Base is ready to use
2021-01-27 at 09:15:19 | INFO | Done
2021-01-27 at 09:15:19 | INFO | exit from DB
2021-01-27 at 09:15:19 | INFO | Data Base is ready to use
2021-01-27 at 09:15:20 | INFO | Done
2021-01-27 at 09:15:20 | INFO | exit from DB
2021-01-27 at 09:15:21 | INFO | Data Base is ready to use
2021-01-27 at 09:15:21 | INFO | Done
2021-01-27 at 09:15:21 | INFO | exit from DB
2021-01-27 at 09:20:02 | INFO | Data Base is ready to use
2021-01-27 at 09:20:03 | INFO | exit from DB
2021-01-27 at 09:20:03 | INFO | Polling ON
2021-01-27 at 09:20:03 | INFO | Data Base is ready to use
2021-01-27 at 09:20:04 | INFO | Done
2021-01-27 at 09:20:04 | INFO | exit from DB
2021-01-27 at 09:20:05 | INFO | Data Base is ready to use
2021-01-27 at 09:20:05 | INFO | Done
2021-01-27 at 09:20:06 | INFO | exit from DB
2021-01-27 at 09:20:06 | INFO | Data Base is ready to use
2021-01-27 at 09:20:07 | INFO | Done
2021-01-27 at 09:20:07 | INFO | exit from DB
2021-01-27 at 09:20:08 | INFO | Data Base is ready to use
2021-01-27 at 09:20:08 | INFO | Done
2021-01-27 at 09:20:09 | INFO | exit from DB
2021-01-27 at 09:20:09 | INFO | Data Base is ready to use
2021-01-27 at 09:20:10 | INFO | Done
2021-01-27 at 09:20:11 | INFO | exit from DB
2021-01-27 at 09:20:11 | DEBUG | Fault reading
2021-01-27 at 09:20:11 | INFO | Data Base is ready to use
2021-01-27 at 09:20:12 | INFO | Done
2021-01-27 at 09:20:12 | INFO | exit from DB
2021-01-27 at 09:20:13 | DEBUG | Fault reading
2021-01-27 at 09:20:13 | INFO | Disconnected for end of polling this device
2021-01-27 at 09:20:13 | INFO | Polling ON
2021-01-27 at 09:20:13 | INFO | Data Base is ready to use
2021-01-27 at 09:20:14 | INFO | Done
2021-01-27 at 09:20:15 | INFO | exit from DB
2021-01-27 at 09:20:15 | INFO | Data Base is ready to use
2021-01-27 at 09:20:16 | INFO | Done
2021-01-27 at 09:20:17 | INFO | exit from DB
2021-01-27 at 09:20:17 | INFO | Data Base is ready to use
2021-01-27 at 09:20:18 | INFO | Done
2021-01-27 at 09:20:19 | INFO | exit from DB
2021-01-27 at 09:20:19 | INFO | Data Base is ready to use
2021-01-27 at 09:20:20 | INFO | Done
2021-01-27 at 09:20:21 | INFO | exit from DB
2021-01-27 at 09:20:22 | INFO | Data Base is ready to use
2021-01-27 at 09:20:23 | INFO | Done
2021-01-27 at 09:20:24 | INFO | exit from DB
2021-01-27 at 09:20:24 | DEBUG | Fault reading
2021-01-27 at 09:20:25 | INFO | Data Base is ready to use
2021-01-27 at 09:20:27 | INFO | Done
2021-01-27 at 09:20:27 | INFO | exit from DB
2021-01-27 at 09:20:28 | DEBUG | Fault reading
2021-01-27 at 09:20:29 | INFO | Disconnected for end of polling this device
2021-01-27 at 09:20:29 | INFO | Polling ON
2021-01-27 at 09:20:29 | INFO | Data Base is ready to use
2021-01-27 at 09:20:30 | INFO | Done
2021-01-27 at 09:20:31 | INFO | exit from DB
2021-01-27 at 09:20:32 | INFO | Data Base is ready to use
2021-01-27 at 09:20:33 | INFO | Done
2021-01-27 at 09:20:34 | INFO | exit from DB
2021-01-27 at 09:20:35 | INFO | Data Base is ready to use
2021-01-27 at 09:20:36 | INFO | Done
2021-01-27 at 09:20:37 | INFO | exit from DB
2021-01-27 at 09:20:37 | INFO | Data Base is ready to use
2021-01-27 at 09:20:38 | INFO | Done
2021-01-27 at 09:20:39 | INFO | exit from DB
2021-01-27 at 09:20:40 | INFO | Data Base is ready to use
2021-01-27 at 09:20:43 | INFO | Data Base is ready to use
2021-01-27 at 09:20:43 | INFO | exit from DB
2021-01-27 at 09:20:43 | INFO | Polling ON
2021-01-27 at 09:20:43 | INFO | Data Base is ready to use
2021-01-27 at 09:20:44 | INFO | Done
2021-01-27 at 09:20:44 | INFO | exit from DB
2021-01-27 at 09:20:45 | INFO | Data Base is ready to use
2021-01-27 at 09:20:45 | INFO | Done
2021-01-27 at 09:20:46 | INFO | exit from DB
2021-01-27 at 09:20:46 | INFO | Data Base is ready to use
2021-01-27 at 09:20:47 | INFO | Done
2021-01-27 at 09:20:47 | INFO | exit from DB
2021-01-27 at 09:20:47 | INFO | Data Base is ready to use
2021-01-27 at 09:20:48 | INFO | Done
2021-01-27 at 09:20:49 | INFO | exit from DB
2021-01-27 at 09:20:49 | INFO | Data Base is ready to use
2021-01-27 at 09:20:50 | INFO | Done
2021-01-27 at 09:20:51 | INFO | exit from DB
2021-01-27 at 09:20:51 | INFO | Data Base is ready to use
2021-01-27 at 09:20:52 | INFO | Done
2021-01-27 at 09:20:52 | INFO | exit from DB
2021-01-27 at 09:20:52 | INFO | Disconnected for end of polling this device
2021-01-27 at 09:20:52 | INFO | Polling ON
2021-01-27 at 09:20:53 | INFO | Data Base is ready to use
2021-01-27 at 09:20:53 | INFO | Done
2021-01-27 at 09:20:54 | INFO | exit from DB
2021-01-27 at 09:20:54 | INFO | Data Base is ready to use
2021-01-27 at 09:20:55 | INFO | Done
2021-01-27 at 09:20:56 | INFO | exit from DB
2021-01-27 at 09:20:57 | INFO | Data Base is ready to use
2021-01-27 at 09:20:58 | INFO | Done
2021-01-27 at 09:20:59 | INFO | exit from DB
2021-01-27 at 09:20:59 | INFO | Data Base is ready to use
2021-01-27 at 09:21:00 | INFO | Done
2021-01-27 at 09:21:01 | INFO | exit from DB
2021-01-27 at 09:21:02 | INFO | Data Base is ready to use
2021-01-27 at 09:21:03 | INFO | Done
2021-01-27 at 09:21:04 | INFO | exit from DB
2021-01-27 at 09:21:05 | INFO | Data Base is ready to use
2021-01-27 at 09:21:06 | INFO | Done
2021-01-27 at 09:21:07 | INFO | exit from DB
2021-01-27 at 09:21:07 | INFO | Disconnected for end of polling this device
2021-01-27 at 09:21:07 | INFO | Polling ON
2021-01-27 at 09:21:07 | INFO | Data Base is ready to use
2021-01-27 at 09:21:09 | INFO | Done
2021-01-27 at 09:21:09 | INFO | exit from DB
2021-01-27 at 09:21:10 | INFO | Data Base is ready to use
2021-01-27 at 09:21:12 | INFO | Done
2021-01-27 at 09:21:13 | INFO | exit from DB
2021-01-27 at 09:21:13 | INFO | Data Base is ready to use
2021-01-27 at 09:21:14 | INFO | Done
2021-01-27 at 09:21:14 | INFO | exit from DB
2021-01-27 at 09:21:14 | INFO | Data Base is ready to use
2021-01-27 at 09:21:15 | INFO | Done
2021-01-27 at 09:21:15 | INFO | exit from DB
2021-01-27 at 09:21:16 | INFO | Data Base is ready to use
2021-01-27 at 09:21:16 | INFO | Done
2021-01-27 at 09:21:17 | INFO | exit from DB
2021-01-27 at 09:21:17 | INFO | Data Base is ready to use
2021-01-27 at 09:21:20 | INFO | Data Base is ready to use
2021-01-27 at 09:21:20 | INFO | exit from DB
2021-01-27 at 09:21:20 | INFO | Polling ON
2021-01-27 at 09:21:20 | INFO | Data Base is ready to use
2021-01-27 at 09:21:21 | INFO | Done
2021-01-27 at 09:21:21 | INFO | exit from DB
2021-01-27 at 09:21:22 | INFO | Data Base is ready to use
2021-01-27 at 09:21:22 | INFO | Done
2021-01-27 at 09:21:22 | INFO | exit from DB
2021-01-27 at 09:21:23 | INFO | Data Base is ready to use
2021-01-27 at 09:21:23 | INFO | Done
2021-01-27 at 09:21:23 | INFO | exit from DB
2021-01-27 at 09:21:24 | INFO | Data Base is ready to use
2021-01-27 at 09:21:25 | INFO | Done
2021-01-27 at 09:21:25 | INFO | exit from DB
2021-01-27 at 09:21:25 | INFO | Data Base is ready to use
2021-01-27 at 09:21:25 | INFO | Done
2021-01-27 at 09:21:26 | INFO | exit from DB
2021-01-27 at 09:21:27 | INFO | Data Base is ready to use
2021-01-27 at 09:21:27 | INFO | Done
2021-01-27 at 09:21:28 | INFO | exit from DB
2021-01-27 at 09:21:28 | INFO | Disconnected for end of polling this device
2021-01-27 at 09:21:28 | INFO | Polling ON
2021-01-27 at 09:21:28 | INFO | Data Base is ready to use
2021-01-27 at 09:21:29 | INFO | Done
2021-01-27 at 09:21:30 | INFO | exit from DB
2021-01-27 at 09:21:30 | INFO | Data Base is ready to use
2021-01-27 at 09:21:31 | INFO | Done
2021-01-27 at 09:21:32 | INFO | exit from DB
2021-01-27 at 09:21:33 | INFO | Data Base is ready to use
2021-01-27 at 09:21:33 | INFO | Done
2021-01-27 at 09:21:34 | INFO | exit from DB
2021-01-27 at 09:21:35 | INFO | Data Base is ready to use
2021-01-27 at 09:21:36 | INFO | Done
2021-01-27 at 09:21:36 | INFO | exit from DB
2021-01-27 at 09:21:37 | INFO | Data Base is ready to use
2021-01-27 at 09:21:38 | INFO | Done
2021-01-27 at 09:21:38 | INFO | exit from DB
2021-01-27 at 09:21:39 | INFO | Data Base is ready to use
2021-01-27 at 09:21:40 | INFO | Done
2021-01-27 at 09:21:41 | INFO | exit from DB
2021-01-27 at 09:21:42 | INFO | Disconnected for end of polling this device
2021-01-27 at 09:21:42 | INFO | Polling ON
2021-01-27 at 09:21:42 | INFO | Data Base is ready to use
2021-01-27 at 09:21:43 | INFO | Done
2021-01-27 at 09:21:44 | INFO | exit from DB
2021-01-27 at 09:21:45 | INFO | Data Base is ready to use
2021-01-27 at 09:21:46 | INFO | Done
2021-01-27 at 09:21:47 | INFO | exit from DB
2021-01-27 at 09:21:48 | INFO | Data Base is ready to use
2021-01-27 at 09:21:49 | INFO | Done
2021-01-27 at 09:21:50 | INFO | exit from DB
2021-01-27 at 09:21:51 | INFO | Data Base is ready to use
2021-01-27 at 09:21:52 | INFO | Done
2021-01-27 at 09:21:53 | INFO | exit from DB
2021-01-27 at 09:21:54 | INFO | Data Base is ready to use
2021-01-27 at 09:21:56 | INFO | Done
2021-01-27 at 09:21:57 | INFO | exit from DB
2021-01-27 at 09:21:58 | INFO | Data Base is ready to use
2021-01-27 at 09:22:00 | INFO | Done
2021-01-27 at 09:22:01 | INFO | exit from DB
2021-01-27 at 09:22:02 | INFO | Disconnected for end of polling this device
2021-01-27 at 09:22:02 | INFO | Polling ON
2021-01-27 at 09:22:02 | INFO | Data Base is ready to use
2021-01-27 at 09:22:03 | INFO | Done
2021-01-27 at 09:22:04 | INFO | exit from DB
2021-01-27 at 09:22:06 | INFO | Data Base is ready to use
2021-01-27 at 09:22:08 | INFO | Done
2021-01-27 at 09:22:09 | INFO | exit from DB
2021-01-27 at 09:22:10 | INFO | Data Base is ready to use
2021-01-27 at 09:22:12 | INFO | Done
2021-01-27 at 09:22:13 | INFO | exit from DB
2021-01-27 at 09:22:14 | INFO | Data Base is ready to use
2021-01-27 at 09:22:16 | INFO | Done
2021-01-27 at 09:22:17 | INFO | exit from DB
2021-01-27 at 09:22:18 | INFO | Data Base is ready to use
2021-01-27 at 09:22:20 | INFO | Done
2021-01-27 at 09:22:21 | INFO | exit from DB
2021-01-27 at 09:22:23 | INFO | Data Base is ready to use
2021-01-27 at 09:22:25 | INFO | Done
2021-01-27 at 09:22:26 | INFO | exit from DB
2021-01-27 at 09:22:26 | INFO | Disconnected for end of polling this device
2021-01-27 at 09:22:26 | INFO | Polling ON
2021-01-27 at 09:22:26 | INFO | Data Base is ready to use
2021-01-27 at 09:26:24 | INFO | Data Base is ready to use
2021-01-27 at 09:26:25 | INFO | exit from DB
2021-01-27 at 09:26:25 | INFO | Polling ON
2021-01-27 at 09:26:25 | INFO | Data Base is ready to use
2021-01-27 at 09:26:26 | INFO | Done
2021-01-27 at 09:26:26 | INFO | exit from DB
2021-01-27 at 09:26:26 | INFO | Data Base is ready to use
2021-01-27 at 09:26:27 | INFO | Done
2021-01-27 at 09:26:27 | INFO | exit from DB
2021-01-27 at 09:26:28 | INFO | Data Base is ready to use
2021-01-27 at 09:26:28 | INFO | Done
2021-01-27 at 09:26:29 | INFO | exit from DB
2021-01-27 at 09:26:29 | INFO | Data Base is ready to use
2021-01-27 at 09:26:30 | INFO | Done
2021-01-27 at 09:26:30 | INFO | exit from DB
2021-01-27 at 09:26:31 | INFO | Data Base is ready to use
2021-01-27 at 09:26:31 | INFO | Done
2021-01-27 at 09:26:31 | INFO | exit from DB
2021-01-27 at 09:26:32 | INFO | Data Base is ready to use
2021-01-27 at 09:26:32 | INFO | Done
2021-01-27 at 09:26:33 | INFO | exit from DB
2021-01-27 at 09:26:33 | INFO | Disconnected for end of polling this device
2021-01-27 at 09:26:33 | INFO | Polling ON
2021-01-27 at 09:26:33 | INFO | Data Base is ready to use
2021-01-27 at 09:26:34 | INFO | Done
2021-01-27 at 09:26:34 | INFO | exit from DB
2021-01-27 at 09:26:34 | INFO | Data Base is ready to use
2021-01-27 at 09:26:35 | INFO | Done
2021-01-27 at 09:26:36 | INFO | exit from DB
2021-01-27 at 09:26:36 | INFO | Data Base is ready to use
2021-01-27 at 09:26:36 | INFO | Done
2021-01-27 at 09:26:37 | INFO | exit from DB
2021-01-27 at 09:26:37 | INFO | Data Base is ready to use
2021-01-27 at 09:26:38 | INFO | Done
2021-01-27 at 09:26:38 | INFO | exit from DB
2021-01-27 at 09:26:38 | INFO | Data Base is ready to use
2021-01-27 at 09:26:39 | INFO | Done
2021-01-27 at 09:26:40 | INFO | exit from DB
2021-01-27 at 09:26:40 | INFO | Data Base is ready to use
2021-01-27 at 09:26:41 | INFO | Done
2021-01-27 at 09:26:41 | INFO | exit from DB
2021-01-27 at 09:26:42 | INFO | Disconnected for end of polling this device
2021-01-27 at 09:26:42 | INFO | Polling ON
2021-01-27 at 09:26:42 | INFO | Data Base is ready to use
2021-01-27 at 09:26:43 | INFO | Done
2021-01-27 at 09:26:44 | INFO | exit from DB
2021-01-27 at 09:26:44 | INFO | Data Base is ready to use
2021-01-27 at 09:26:45 | INFO | Done
2021-01-27 at 09:26:46 | INFO | exit from DB
2021-01-27 at 09:26:46 | INFO | Data Base is ready to use
2021-01-27 at 09:26:48 | INFO | Done
2021-01-27 at 09:26:48 | INFO | exit from DB
2021-01-27 at 09:26:49 | INFO | Data Base is ready to use
2021-01-27 at 09:27:26 | INFO | Data Base is ready to use
2021-01-27 at 09:27:27 | INFO | exit from DB
2021-01-27 at 09:27:27 | INFO | Polling ON
2021-01-27 at 09:27:27 | INFO | Data Base is ready to use
2021-01-27 at 09:27:28 | INFO | Done
2021-01-27 at 09:27:28 | INFO | exit from DB
2021-01-27 at 09:27:29 | INFO | Data Base is ready to use
2021-01-27 at 09:27:29 | INFO | Done
2021-01-27 at 09:27:29 | INFO | exit from DB
2021-01-27 at 09:27:30 | INFO | Data Base is ready to use
2021-01-27 at 09:27:30 | INFO | Done
2021-01-27 at 09:27:30 | INFO | exit from DB
2021-01-27 at 09:27:31 | INFO | Data Base is ready to use
2021-01-27 at 09:27:31 | INFO | Done
2021-01-27 at 09:27:32 | INFO | exit from DB
2021-01-27 at 09:27:32 | INFO | Data Base is ready to use
2021-01-27 at 09:27:32 | INFO | Done
2021-01-27 at 09:27:33 | INFO | exit from DB
2021-01-27 at 09:27:33 | INFO | Data Base is ready to use
2021-01-27 at 09:27:34 | INFO | Done
2021-01-27 at 09:27:34 | INFO | exit from DB
2021-01-27 at 09:27:34 | INFO | Disconnected for end of polling this device
2021-01-27 at 09:27:34 | INFO | Polling ON
2021-01-27 at 09:27:35 | INFO | Data Base is ready to use
2021-01-27 at 09:27:35 | INFO | Done
2021-01-27 at 09:27:36 | INFO | exit from DB
2021-01-27 at 09:27:36 | INFO | Data Base is ready to use
2021-01-27 at 09:27:36 | INFO | Done
2021-01-27 at 09:27:36 | INFO | exit from DB
2021-01-27 at 09:27:37 | INFO | Data Base is ready to use
2021-01-27 at 09:27:37 | INFO | Done
2021-01-27 at 09:27:37 | INFO | exit from DB
2021-01-27 at 09:27:38 | INFO | Data Base is ready to use
2021-01-27 at 09:27:38 | INFO | Done
2021-01-27 at 09:27:39 | INFO | exit from DB
2021-01-27 at 09:27:39 | INFO | Data Base is ready to use
2021-01-27 at 09:27:39 | INFO | Done
2021-01-27 at 09:27:40 | INFO | exit from DB
2021-01-27 at 09:27:40 | INFO | Data Base is ready to use
2021-01-27 at 09:27:41 | INFO | Done
2021-01-27 at 09:27:42 | INFO | exit from DB
2021-01-27 at 09:27:42 | INFO | Disconnected for end of polling this device
2021-01-27 at 09:27:42 | INFO | Polling ON
2021-01-27 at 09:27:42 | INFO | Data Base is ready to use
2021-01-27 at 09:27:43 | INFO | Done
2021-01-27 at 09:27:43 | INFO | exit from DB
2021-01-27 at 09:27:43 | INFO | Data Base is ready to use
2021-01-27 at 09:27:44 | INFO | Done
2021-01-27 at 09:27:44 | INFO | exit from DB
2021-01-27 at 09:27:44 | INFO | Data Base is ready to use
2021-01-27 at 09:27:45 | INFO | Done
2021-01-27 at 09:27:46 | INFO | exit from DB
2021-01-27 at 09:27:46 | INFO | Data Base is ready to use
2021-01-27 at 09:27:46 | INFO | Done
2021-01-27 at 09:27:47 | INFO | exit from DB
2021-01-27 at 09:27:47 | INFO | Data Base is ready to use
2021-01-27 at 09:27:47 | INFO | Done
2021-01-27 at 09:27:47 | INFO | exit from DB
2021-01-27 at 09:27:48 | INFO | Data Base is ready to use
2021-01-27 at 09:27:48 | INFO | Done
2021-01-27 at 09:27:49 | INFO | exit from DB
2021-01-27 at 09:27:49 | INFO | Disconnected for end of polling this device
2021-01-27 at 09:27:49 | INFO | Polling ON
2021-01-27 at 09:27:49 | INFO | Data Base is ready to use
2021-01-27 at 09:27:50 | INFO | Done
2021-01-27 at 09:27:50 | INFO | exit from DB
2021-01-27 at 09:27:50 | INFO | Data Base is ready to use
2021-01-27 at 09:27:51 | INFO | Done
2021-01-27 at 09:27:51 | INFO | exit from DB
2021-01-27 at 09:27:51 | INFO | Data Base is ready to use
2021-01-27 at 09:27:52 | INFO | Done
2021-01-27 at 09:27:52 | INFO | exit from DB
2021-01-27 at 09:27:54 | INFO | Data Base is ready to use
2021-01-27 at 09:27:54 | INFO | Done
2021-01-27 at 09:27:55 | INFO | exit from DB
2021-01-27 at 09:27:55 | INFO | Data Base is ready to use
2021-01-27 at 09:29:15 | INFO | Data Base is ready to use
2021-01-27 at 09:29:15 | INFO | exit from DB
2021-01-27 at 09:29:16 | INFO | Polling ON
2021-01-27 at 09:29:16 | INFO | Data Base is ready to use
2021-01-27 at 09:29:16 | INFO | Done
2021-01-27 at 09:29:17 | INFO | exit from DB
2021-01-27 at 09:29:17 | INFO | Data Base is ready to use
2021-01-27 at 09:29:18 | INFO | Done
2021-01-27 at 09:29:18 | INFO | exit from DB
2021-01-27 at 09:29:19 | INFO | Data Base is ready to use
2021-01-27 at 09:29:19 | INFO | Done
2021-01-27 at 09:29:20 | INFO | exit from DB
2021-01-27 at 09:29:20 | INFO | Data Base is ready to use
2021-01-27 at 09:29:21 | INFO | Done
2021-01-27 at 09:29:21 | INFO | exit from DB
2021-01-27 at 09:29:22 | INFO | Data Base is ready to use
2021-01-27 at 09:29:22 | INFO | Done
2021-01-27 at 09:29:23 | INFO | exit from DB
2021-01-27 at 09:29:23 | INFO | Data Base is ready to use
2021-01-27 at 09:29:24 | INFO | Done
2021-01-27 at 09:29:25 | INFO | exit from DB
2021-01-27 at 09:29:25 | INFO | Disconnected for end of polling this device
2021-01-27 at 09:29:25 | INFO | Polling ON
2021-01-27 at 09:29:25 | INFO | Data Base is ready to use
2021-01-27 at 09:29:26 | INFO | Done
2021-01-27 at 09:29:26 | INFO | exit from DB
2021-01-27 at 09:29:27 | INFO | Data Base is ready to use
2021-01-27 at 09:29:28 | INFO | Done
2021-01-27 at 09:29:28 | INFO | exit from DB
2021-01-27 at 09:29:29 | INFO | Data Base is ready to use
2021-01-27 at 09:29:30 | INFO | Done
2021-01-27 at 09:29:30 | INFO | exit from DB
2021-01-27 at 09:29:31 | INFO | Data Base is ready to use
2021-01-27 at 09:35:11 | INFO | Data Base is ready to use
2021-01-27 at 09:35:11 | INFO | exit from DB
2021-01-27 at 09:35:11 | INFO | Polling ON
2021-01-27 at 09:35:11 | INFO | Data Base is ready to use
2021-01-27 at 09:35:12 | INFO | Done
2021-01-27 at 09:35:12 | INFO | exit from DB
2021-01-27 at 09:35:13 | INFO | Data Base is ready to use
2021-01-27 at 09:35:13 | INFO | Done
2021-01-27 at 09:35:13 | INFO | exit from DB
2021-01-27 at 09:35:14 | INFO | Data Base is ready to use
2021-01-27 at 09:35:15 | INFO | Done
2021-01-27 at 09:35:15 | INFO | exit from DB
2021-01-27 at 09:35:15 | INFO | Data Base is ready to use
2021-01-27 at 09:35:16 | INFO | Done
2021-01-27 at 09:35:16 | INFO | exit from DB
2021-01-27 at 09:35:17 | INFO | Data Base is ready to use
2021-01-27 at 09:35:17 | INFO | Done
2021-01-27 at 09:35:17 | INFO | exit from DB
2021-01-27 at 09:35:18 | INFO | Data Base is ready to use
2021-01-27 at 09:35:19 | INFO | Done
2021-01-27 at 09:35:19 | INFO | exit from DB
2021-01-27 at 09:35:19 | INFO | Disconnected for end of polling this device
2021-01-27 at 09:35:19 | INFO | Polling ON
2021-01-27 at 09:35:20 | INFO | Data Base is ready to use
2021-01-27 at 09:35:20 | INFO | Done
2021-01-27 at 09:35:21 | INFO | exit from DB
2021-01-27 at 09:35:21 | INFO | Data Base is ready to use
2021-01-27 at 09:35:22 | INFO | Done
2021-01-27 at 09:35:22 | INFO | exit from DB
2021-01-27 at 09:35:23 | INFO | Data Base is ready to use
2021-01-27 at 09:35:24 | INFO | Done
2021-01-27 at 09:35:24 | INFO | exit from DB
2021-01-27 at 09:35:25 | INFO | Data Base is ready to use
2021-01-27 at 09:35:26 | INFO | Done
2021-01-27 at 09:35:26 | INFO | exit from DB
2021-01-27 at 09:35:27 | INFO | Data Base is ready to use
2021-01-27 at 09:35:28 | INFO | Done
2021-01-27 at 09:35:28 | INFO | exit from DB
2021-01-27 at 09:35:28 | INFO | Data Base is ready to use
2021-01-27 at 09:35:30 | INFO | Done
2021-01-27 at 09:35:30 | INFO | exit from DB
2021-01-27 at 09:35:31 | INFO | Disconnected for end of polling this device
2021-01-27 at 09:35:31 | INFO | Polling ON
2021-01-27 at 09:35:31 | INFO | Data Base is ready to use
2021-01-27 at 09:35:32 | INFO | Done
2021-01-27 at 09:35:32 | INFO | exit from DB
2021-01-27 at 09:35:33 | INFO | Data Base is ready to use
2021-01-27 at 09:35:35 | INFO | Done
2021-01-27 at 09:35:35 | INFO | exit from DB
2021-01-27 at 09:35:36 | INFO | Data Base is ready to use
2021-01-27 at 09:35:37 | INFO | Done
2021-01-27 at 09:35:38 | INFO | exit from DB
2021-01-27 at 09:35:39 | INFO | Data Base is ready to use
2021-01-27 at 09:35:40 | INFO | Done
2021-01-27 at 09:35:40 | INFO | exit from DB
2021-01-27 at 09:35:40 | INFO | Data Base is ready to use
2021-01-27 at 09:35:41 | INFO | Done
2021-01-27 at 09:35:42 | INFO | exit from DB
2021-01-27 at 09:35:43 | INFO | Data Base is ready to use
2021-01-27 at 09:35:44 | INFO | Done
2021-01-27 at 09:35:45 | INFO | exit from DB
2021-01-27 at 09:35:46 | INFO | Disconnected for end of polling this device
2021-01-27 at 09:35:46 | INFO | Polling ON
2021-01-27 at 09:35:46 | INFO | Data Base is ready to use
2021-01-27 at 09:35:47 | INFO | Done
2021-01-27 at 09:35:47 | INFO | exit from DB
2021-01-27 at 09:35:48 | INFO | Data Base is ready to use
2021-01-27 at 09:35:49 | INFO | Done
2021-01-27 at 09:35:50 | INFO | exit from DB
2021-02-01 at 16:31:48 | INFO | Data Base is ready to use
2021-02-01 at 16:31:49 | INFO | exit from DB
2021-02-01 at 16:31:49 | INFO | Polling ON
2021-02-01 at 16:31:50 | INFO | Data Base is ready to use
2021-02-01 at 16:31:50 | INFO | Done
2021-02-01 at 16:31:50 | INFO | exit from DB
2021-02-01 at 16:31:51 | INFO | Data Base is ready to use
2021-02-01 at 16:31:51 | INFO | Done
2021-02-01 at 16:31:51 | INFO | exit from DB
2021-02-01 at 16:31:52 | INFO | Data Base is ready to use
2021-02-01 at 16:31:52 | INFO | Done
2021-02-01 at 16:31:53 | INFO | exit from DB
2021-02-01 at 16:31:53 | INFO | Data Base is ready to use
2021-02-01 at 16:31:54 | INFO | Done
2021-02-01 at 16:31:54 | INFO | exit from DB
2021-02-01 at 16:31:54 | INFO | Data Base is ready to use
2021-02-01 at 16:31:55 | INFO | Done
2021-02-01 at 16:31:55 | INFO | exit from DB
2021-02-01 at 16:31:56 | INFO | Data Base is ready to use
2021-02-01 at 16:31:57 | INFO | Done
2021-02-01 at 16:31:57 | INFO | exit from DB
2021-02-01 at 16:31:57 | INFO | Disconnected for end of polling this device
2021-02-01 at 16:31:57 | INFO | Polling ON
2021-02-01 at 16:31:58 | INFO | Data Base is ready to use
2021-02-01 at 16:31:58 | INFO | Done
2021-02-01 at 16:33:06 | INFO | Data Base is ready to use
2021-02-01 at 16:33:07 | INFO | exit from DB
2021-02-01 at 16:33:07 | INFO | Polling ON
2021-02-01 at 16:33:07 | INFO | Data Base is ready to use
2021-02-01 at 16:33:08 | INFO | Done
2021-02-01 at 16:33:08 | INFO | exit from DB
2021-02-01 at 16:33:08 | INFO | Data Base is ready to use
2021-02-01 at 16:33:09 | INFO | Done
2021-02-01 at 16:33:09 | INFO | exit from DB
2021-02-01 at 16:33:10 | INFO | Data Base is ready to use
2021-02-01 at 16:33:10 | INFO | Done
2021-02-01 at 16:33:11 | INFO | exit from DB
2021-02-01 at 16:33:11 | INFO | Data Base is ready to use
2021-02-01 at 16:33:12 | INFO | Done
2021-02-01 at 16:33:12 | INFO | exit from DB
2021-02-01 at 16:33:12 | INFO | Data Base is ready to use
2021-02-01 at 16:33:13 | INFO | Done
2021-02-01 at 16:33:13 | INFO | exit from DB
2021-02-01 at 16:33:14 | INFO | Data Base is ready to use
2021-02-01 at 16:33:14 | INFO | Done
2021-02-01 at 16:33:14 | INFO | exit from DB
2021-02-01 at 16:33:15 | INFO | Disconnected for end of polling this device
2021-02-01 at 16:33:15 | INFO | Polling ON
2021-02-01 at 16:33:15 | INFO | Data Base is ready to use
2021-02-01 at 16:33:16 | INFO | Done
2021-02-01 at 16:33:16 | INFO | exit from DB
2021-02-01 at 16:33:16 | INFO | Data Base is ready to use
2021-02-01 at 16:33:17 | INFO | Done
2021-02-01 at 16:33:17 | INFO | exit from DB
2021-02-01 at 16:33:18 | INFO | Data Base is ready to use
2021-02-01 at 16:33:18 | INFO | Done
2021-02-01 at 16:33:19 | INFO | exit from DB
2021-02-01 at 16:33:19 | INFO | Data Base is ready to use
2021-02-01 at 16:33:20 | INFO | Done
2021-02-01 at 16:33:21 | INFO | exit from DB
2021-02-01 at 16:33:21 | INFO | Data Base is ready to use
2021-02-01 at 16:33:22 | INFO | Done
2021-02-01 at 16:33:23 | INFO | exit from DB
2021-02-01 at 16:33:24 | INFO | Data Base is ready to use
2021-02-01 at 16:33:25 | INFO | Done
2021-02-01 at 16:33:26 | INFO | exit from DB
2021-02-01 at 16:33:26 | INFO | Disconnected for end of polling this device
2021-02-01 at 16:33:26 | INFO | Polling ON
2021-02-01 at 16:33:27 | INFO | Data Base is ready to use
2021-02-01 at 16:33:28 | INFO | Done
2021-02-01 at 16:33:28 | INFO | exit from DB
2021-02-01 at 16:33:28 | INFO | Data Base is ready to use
2021-02-01 at 16:33:29 | INFO | Done
2021-02-01 at 16:33:30 | INFO | exit from DB
2021-02-01 at 16:33:30 | INFO | Data Base is ready to use
2021-02-01 at 16:33:31 | INFO | Done
2021-02-01 at 16:33:32 | INFO | exit from DB
2021-02-01 at 16:33:33 | INFO | Data Base is ready to use
2021-02-01 at 16:33:34 | INFO | Done
2021-02-01 at 16:33:35 | INFO | exit from DB
2021-02-01 at 16:33:36 | INFO | Data Base is ready to use
2021-02-01 at 16:33:37 | INFO | Done
2021-02-01 at 16:33:37 | INFO | exit from DB
2021-02-01 at 16:33:38 | INFO | Data Base is ready to use
2021-02-01 at 16:33:39 | INFO | Done
2021-02-01 at 16:33:40 | INFO | exit from DB
2021-02-01 at 16:33:41 | INFO | Disconnected for end of polling this device
2021-02-01 at 16:33:41 | INFO | Polling ON
2021-02-01 at 16:33:41 | INFO | Data Base is ready to use
2021-02-01 at 16:33:42 | INFO | Done
2021-02-01 at 16:33:43 | INFO | exit from DB
2021-02-01 at 16:33:44 | INFO | Data Base is ready to use
2021-02-01 at 16:33:45 | INFO | Done
2021-02-01 at 16:33:45 | INFO | exit from DB
2021-02-01 at 16:33:45 | INFO | Data Base is ready to use
2021-02-09 at 09:19:57 | INFO | Data Base is ready to use
2021-02-09 at 09:19:58 | INFO | exit from DB
2021-02-09 at 09:19:58 | INFO | Polling ON
2021-02-09 at 09:19:59 | INFO | Data Base is ready to use
2021-02-09 at 09:20:00 | INFO | Done
2021-02-09 at 09:20:00 | INFO | exit from DB
2021-02-09 at 09:20:00 | INFO | Data Base is ready to use
2021-02-09 at 09:20:01 | INFO | Done
2021-02-09 at 09:20:01 | INFO | exit from DB
2021-02-09 at 09:20:01 | INFO | Data Base is ready to use
2021-02-09 at 09:20:02 | INFO | Done
2021-02-09 at 09:20:03 | INFO | exit from DB
2021-02-09 at 09:20:03 | INFO | Data Base is ready to use
2021-02-09 at 09:20:04 | INFO | Done
2021-02-09 at 09:20:04 | INFO | exit from DB
2021-02-09 at 09:20:04 | INFO | Data Base is ready to use
2021-02-09 at 09:20:05 | INFO | Done
2021-02-09 at 09:20:05 | INFO | exit from DB
2021-02-09 at 09:20:06 | INFO | Data Base is ready to use
2021-02-09 at 09:20:06 | INFO | Done
2021-02-09 at 09:20:07 | INFO | exit from DB
2021-02-09 at 09:20:07 | INFO | Disconnected for end of polling this device
2021-02-09 at 09:20:07 | INFO | Polling ON
2021-02-09 at 09:20:07 | INFO | Data Base is ready to use
2021-02-09 at 09:20:08 | INFO | Done
2021-02-09 at 09:20:08 | INFO | exit from DB
2021-02-09 at 09:20:08 | INFO | Data Base is ready to use
2021-02-09 at 09:20:09 | INFO | Done
2021-02-09 at 09:20:09 | INFO | exit from DB
2021-02-09 at 09:20:10 | INFO | Data Base is ready to use
2021-02-09 at 09:20:11 | INFO | Done
2021-02-09 at 09:20:11 | INFO | exit from DB
2021-02-09 at 09:20:12 | INFO | Data Base is ready to use
2021-02-09 at 09:20:12 | INFO | Done
2021-02-09 at 09:20:13 | INFO | exit from DB
2021-02-09 at 09:20:13 | INFO | Data Base is ready to use
2021-02-09 at 09:20:13 | INFO | Done
2021-02-09 at 09:20:14 | INFO | exit from DB
2021-02-09 at 09:20:14 | INFO | Data Base is ready to use
2021-02-09 at 09:20:15 | INFO | Done
2021-02-09 at 09:20:15 | INFO | exit from DB
2021-02-09 at 09:20:15 | INFO | Disconnected for end of polling this device
2021-02-09 at 09:20:15 | INFO | Polling ON
2021-02-09 at 09:20:16 | INFO | Data Base is ready to use
2021-02-09 at 09:20:17 | INFO | Done
2021-02-09 at 09:20:17 | INFO | exit from DB
2021-02-09 at 09:20:17 | INFO | Data Base is ready to use
2021-02-09 at 09:20:18 | INFO | Done
2021-02-09 at 09:20:18 | INFO | exit from DB
2021-02-09 at 09:20:19 | INFO | Data Base is ready to use
2021-02-09 at 09:20:19 | INFO | Done
2021-02-09 at 09:20:20 | INFO | exit from DB
2021-02-09 at 09:20:20 | INFO | Data Base is ready to use
2021-02-09 at 09:20:21 | INFO | Done
2021-02-09 at 09:20:21 | INFO | exit from DB
2021-02-09 at 09:20:22 | INFO | Data Base is ready to use
2021-02-09 at 09:20:23 | INFO | Done
2021-02-09 at 09:20:23 | INFO | exit from DB
2021-02-09 at 09:20:23 | INFO | Data Base is ready to use
2021-02-09 at 09:20:24 | INFO | Done
2021-02-09 at 09:20:24 | INFO | exit from DB
2021-02-09 at 09:20:24 | INFO | Disconnected for end of polling this device
2021-02-09 at 09:20:24 | INFO | Polling ON
2021-02-09 at 09:20:25 | INFO | Data Base is ready to use
2021-02-09 at 09:20:25 | INFO | Done
2021-02-09 at 09:20:26 | INFO | exit from DB
2021-02-09 at 09:20:26 | INFO | Data Base is ready to use
2021-02-09 at 09:20:27 | INFO | Done
2021-02-09 at 09:20:27 | INFO | exit from DB
2021-02-09 at 09:20:28 | INFO | Data Base is ready to use
2021-02-09 at 09:20:29 | INFO | Done
2021-02-09 at 09:20:30 | INFO | exit from DB
2021-02-09 at 09:20:31 | INFO | Data Base is ready to use
2021-02-09 at 09:20:32 | INFO | Done
2021-02-09 at 09:20:33 | INFO | exit from DB
2021-02-09 at 09:20:34 | INFO | Data Base is ready to use
2021-02-09 at 09:20:34 | INFO | Done
2021-02-09 at 09:20:35 | INFO | exit from DB
2021-02-09 at 09:20:35 | INFO | Data Base is ready to use
2021-02-09 at 09:20:36 | INFO | Done
2021-02-09 at 09:20:36 | INFO | exit from DB
2021-02-09 at 09:20:36 | INFO | Disconnected for end of polling this device
2021-02-09 at 09:20:36 | INFO | Polling ON
2021-02-09 at 09:20:37 | INFO | Data Base is ready to use
2021-02-09 at 09:20:37 | INFO | Done
2021-02-09 at 09:20:39 | INFO | exit from DB
2021-02-09 at 09:20:41 | INFO | Data Base is ready to use
2021-02-09 at 09:20:41 | INFO | Done
2021-02-09 at 09:20:42 | INFO | exit from DB
2021-02-09 at 09:20:42 | INFO | Data Base is ready to use
2021-02-09 at 09:20:43 | INFO | Done
2021-02-09 at 09:20:43 | INFO | exit from DB
2021-02-09 at 09:20:43 | INFO | Data Base is ready to use
2021-02-09 at 09:20:44 | INFO | Done
2021-02-09 at 09:20:45 | INFO | exit from DB
2021-02-09 at 09:20:45 | INFO | Data Base is ready to use
2021-02-09 at 09:20:46 | INFO | Done
2021-02-09 at 09:20:46 | INFO | exit from DB
2021-02-09 at 09:20:46 | INFO | Data Base is ready to use
2021-02-09 at 09:20:47 | INFO | Done
2021-02-09 at 09:20:47 | INFO | exit from DB
2021-02-09 at 09:20:48 | INFO | Disconnected for end of polling this device
2021-02-09 at 09:20:48 | INFO | Polling ON
2021-02-09 at 09:20:48 | INFO | Data Base is ready to use
2021-02-09 at 09:20:49 | INFO | Done
2021-02-09 at 09:20:49 | INFO | exit from DB
2021-02-09 at 09:20:49 | INFO | Data Base is ready to use
2021-02-09 at 09:20:50 | INFO | Done
2021-02-09 at 09:20:51 | INFO | exit from DB
2021-02-09 at 09:20:51 | INFO | Data Base is ready to use
2021-02-09 at 09:20:52 | INFO | Done
2021-02-09 at 09:20:52 | INFO | exit from DB
2021-02-09 at 09:20:53 | INFO | Data Base is ready to use
2021-02-09 at 09:20:54 | INFO | Done
2021-02-09 at 09:20:54 | INFO | exit from DB
2021-02-09 at 09:20:55 | INFO | Data Base is ready to use
2021-02-09 at 09:20:55 | INFO | Done
2021-02-09 at 09:20:56 | INFO | exit from DB
2021-02-09 at 09:20:57 | INFO | Data Base is ready to use
2021-02-09 at 09:20:58 | INFO | Done
2021-02-09 at 09:20:59 | INFO | exit from DB
2021-02-09 at 09:20:59 | INFO | Disconnected for end of polling this device
2021-02-09 at 09:20:59 | INFO | Polling ON
2021-02-09 at 09:20:59 | INFO | Data Base is ready to use
2021-02-09 at 09:21:00 | INFO | Done
2021-02-09 at 09:21:00 | INFO | exit from DB
2021-02-09 at 09:21:00 | INFO | Data Base is ready to use
2021-02-09 at 09:21:01 | INFO | Done
2021-02-09 at 09:21:02 | INFO | exit from DB
2021-02-09 at 09:21:02 | INFO | Data Base is ready to use
2021-02-09 at 09:21:03 | INFO | Done
2021-02-09 at 09:21:04 | INFO | exit from DB
2021-02-09 at 09:21:04 | INFO | Data Base is ready to use
2021-02-09 at 09:21:07 | INFO | Done
2021-02-09 at 09:21:08 | INFO | exit from DB
2021-02-09 at 09:21:08 | INFO | Data Base is ready to use
2021-02-09 at 09:21:09 | INFO | Done
2021-02-09 at 09:21:10 | INFO | exit from DB
2021-02-09 at 09:21:12 | INFO | Data Base is ready to use
2021-02-09 at 09:21:14 | INFO | Done
2021-02-09 at 09:21:14 | INFO | exit from DB
2021-02-09 at 09:21:15 | INFO | Disconnected for end of polling this device
2021-02-09 at 09:21:15 | INFO | Polling ON
2021-02-09 at 09:21:15 | INFO | Data Base is ready to use
2021-02-09 at 09:21:17 | INFO | Done
2021-02-09 at 09:21:19 | INFO | exit from DB
2021-02-09 at 12:06:05 | INFO | Data Base is ready to use
2021-02-09 at 12:06:06 | INFO | exit from DB
2021-02-09 at 12:06:06 | INFO | Polling ON
2021-02-09 at 12:06:06 | INFO | Data Base is ready to use
2021-02-09 at 12:06:07 | INFO | Done
2021-02-09 at 12:06:07 | INFO | exit from DB
2021-02-09 at 12:06:07 | INFO | Data Base is ready to use
2021-02-09 at 12:06:08 | INFO | Done
2021-02-09 at 12:06:08 | INFO | exit from DB
2021-02-09 at 12:06:08 | INFO | Data Base is ready to use
2021-02-09 at 12:06:09 | INFO | Done
2021-02-09 at 12:06:09 | INFO | exit from DB
2021-02-09 at 12:06:09 | INFO | Data Base is ready to use
2021-02-09 at 12:06:10 | INFO | Done
2021-02-09 at 12:06:10 | INFO | exit from DB
2021-02-09 at 12:06:11 | INFO | Data Base is ready to use
2021-02-09 at 12:06:12 | INFO | Done
2021-02-09 at 12:06:12 | INFO | exit from DB
2021-02-09 at 12:06:12 | INFO | Data Base is ready to use
2021-02-09 at 12:06:13 | INFO | Done
2021-02-09 at 12:06:13 | INFO | exit from DB
2021-02-09 at 12:06:14 | INFO | Disconnected for end of polling this device
2021-02-09 at 12:06:14 | INFO | Polling ON
2021-02-09 at 12:06:14 | INFO | Data Base is ready to use
2021-02-09 at 12:06:15 | INFO | Done
2021-02-09 at 12:06:15 | INFO | exit from DB
2021-02-09 at 12:06:15 | INFO | Data Base is ready to use
2021-02-09 at 12:06:16 | INFO | Done
2021-02-09 at 12:06:17 | INFO | exit from DB
2021-02-09 at 12:06:17 | INFO | Data Base is ready to use
2021-02-09 at 12:06:17 | INFO | Done
2021-02-09 at 12:06:18 | INFO | exit from DB
2021-02-09 at 12:06:18 | INFO | Data Base is ready to use
2021-02-09 at 12:06:19 | INFO | Done
2021-02-09 at 12:06:19 | INFO | exit from DB
2021-02-09 at 12:06:20 | INFO | Data Base is ready to use
2021-02-09 at 12:06:21 | INFO | Done
2021-02-09 at 12:06:21 | INFO | exit from DB
2021-02-09 at 12:06:22 | INFO | Data Base is ready to use
2021-02-09 at 12:06:23 | INFO | Done
2021-02-09 at 12:06:23 | INFO | exit from DB
2021-02-09 at 12:06:23 | INFO | Disconnected for end of polling this device
2021-02-09 at 12:06:23 | INFO | Polling ON
2021-02-09 at 12:06:24 | INFO | Data Base is ready to use
2021-02-09 at 12:06:25 | INFO | Done
2021-02-09 at 12:06:25 | INFO | exit from DB
2021-02-09 at 12:06:26 | INFO | Data Base is ready to use
2021-02-09 at 12:06:27 | INFO | Done
2021-02-09 at 12:06:27 | INFO | exit from DB
2021-02-09 at 12:06:27 | INFO | Data Base is ready to use
2021-02-09 at 12:06:28 | INFO | Done
2021-02-09 at 12:06:28 | INFO | exit from DB
2021-02-09 at 12:06:29 | INFO | Data Base is ready to use
2021-02-09 at 12:06:29 | INFO | Done
2021-02-09 at 12:06:30 | INFO | exit from DB
2021-02-09 at 12:06:30 | INFO | Data Base is ready to use
2021-02-09 at 12:06:31 | INFO | Done
2021-02-09 at 12:06:31 | INFO | exit from DB
2021-02-09 at 12:06:32 | INFO | Data Base is ready to use
2021-02-09 at 12:06:33 | INFO | Done
2021-02-09 at 12:06:33 | INFO | exit from DB
2021-02-09 at 12:06:34 | INFO | Disconnected for end of polling this device
2021-02-09 at 12:06:34 | INFO | Polling ON
2021-02-09 at 12:06:34 | INFO | Data Base is ready to use
2021-02-09 at 12:06:35 | INFO | Done
2021-02-09 at 12:06:35 | INFO | exit from DB
2021-02-09 at 12:06:36 | INFO | Data Base is ready to use
2021-02-09 at 12:06:38 | INFO | Done
2021-02-09 at 12:06:39 | INFO | exit from DB
2021-02-09 at 12:06:39 | INFO | Data Base is ready to use
2021-02-09 at 12:06:40 | INFO | Done
2021-02-09 at 12:06:40 | INFO | exit from DB
2021-02-09 at 12:06:41 | INFO | Data Base is ready to use
2021-02-09 at 12:06:42 | INFO | Done
2021-02-09 at 12:06:42 | INFO | exit from DB
2021-02-09 at 12:06:42 | INFO | Data Base is ready to use
2021-02-09 at 12:06:43 | INFO | Done
2021-02-09 at 12:06:43 | INFO | exit from DB
2021-02-09 at 12:06:43 | INFO | Data Base is ready to use
2021-02-09 at 12:06:45 | INFO | Done
2021-02-09 at 12:06:45 | INFO | exit from DB
2021-02-09 at 12:06:45 | INFO | Disconnected for end of polling this device
2021-02-09 at 12:06:45 | INFO | Polling ON
2021-02-09 at 12:06:45 | INFO | Data Base is ready to use
2021-02-09 at 12:06:46 | INFO | Done
2021-02-09 at 12:06:47 | INFO | exit from DB
2021-02-09 at 12:06:48 | INFO | Data Base is ready to use
2021-02-09 at 12:06:49 | INFO | Done
2021-02-09 at 12:06:50 | INFO | exit from DB
2021-02-09 at 12:06:51 | INFO | Data Base is ready to use
2021-02-09 at 12:06:52 | INFO | Done
2021-02-09 at 12:06:53 | INFO | exit from DB
2021-02-09 at 12:06:55 | INFO | Data Base is ready to use
2021-02-09 at 12:06:56 | INFO | Done
2021-02-09 at 12:06:57 | INFO | exit from DB
2021-02-09 at 12:06:57 | INFO | Data Base is ready to use
2021-02-09 at 12:06:58 | INFO | Done
2021-02-09 at 12:06:59 | INFO | exit from DB
2021-02-09 at 12:07:00 | INFO | Data Base is ready to use
2021-02-09 at 12:07:02 | INFO | Done
2021-02-09 at 12:07:03 | INFO | exit from DB
2021-02-09 at 12:07:04 | INFO | Disconnected for end of polling this device
2021-02-09 at 12:07:04 | INFO | Polling ON
2021-02-09 at 12:07:05 | INFO | Data Base is ready to use
2021-02-09 at 12:07:06 | INFO | Done
2021-02-09 at 12:07:08 | INFO | exit from DB
2021-02-09 at 12:07:09 | INFO | Data Base is ready to use
2021-02-09 at 12:07:11 | INFO | Done
2021-02-09 at 12:07:11 | INFO | exit from DB
2021-02-09 at 12:07:13 | INFO | Data Base is ready to use
2021-02-09 at 12:07:14 | INFO | Done
2021-02-09 at 12:07:14 | INFO | exit from DB
2021-02-09 at 12:07:15 | INFO | Data Base is ready to use
2021-02-09 at 12:07:15 | INFO | Done
2021-02-09 at 12:07:16 | INFO | exit from DB
2021-02-09 at 12:07:17 | INFO | Data Base is ready to use
2021-02-09 at 12:07:18 | INFO | Done
2021-02-09 at 12:07:19 | INFO | exit from DB
2021-02-09 at 12:07:20 | INFO | Data Base is ready to use
2021-02-09 at 12:07:21 | INFO | Done
